{"/Users/billywatson/Documents/projects/portfolio/engaging/src/app/error.tsx": {"path":"/Users/billywatson/Documents/projects/portfolio/engaging/src/app/error.tsx","all":false,"statementMap":{"2":{"start":{"line":3,"column":0},"end":{"line":3,"column":34}},"4":{"start":{"line":5,"column":0},"end":{"line":5,"column":72}},"10":{"start":{"line":11,"column":0},"end":{"line":11,"column":48}},"11":{"start":{"line":12,"column":0},"end":{"line":12,"column":49}},"13":{"start":{"line":14,"column":0},"end":{"line":14,"column":33}},"14":{"start":{"line":15,"column":0},"end":{"line":15,"column":2}},"16":{"start":{"line":17,"column":0},"end":{"line":17,"column":25}}},"s":{"2":1,"4":1,"10":1,"11":2,"13":2,"14":2,"16":1},"branchMap":{"0":{"type":"branch","line":11,"loc":{"start":{"line":11,"column":18},"end":{"line":15,"column":2}},"locations":[{"start":{"line":11,"column":18},"end":{"line":15,"column":2}}]},"1":{"type":"branch","line":12,"loc":{"start":{"line":12,"column":12},"end":{"line":12,"column":40}},"locations":[{"start":{"line":12,"column":12},"end":{"line":12,"column":40}}]}},"b":{"0":[2],"1":[2]},"fnMap":{"0":{"name":"ErrorPage","decl":{"start":{"line":11,"column":18},"end":{"line":15,"column":2}},"loc":{"start":{"line":11,"column":18},"end":{"line":15,"column":2}},"line":11}},"f":{"0":2}}
,"/Users/billywatson/Documents/projects/portfolio/engaging/src/app/layout.tsx": {"path":"/Users/billywatson/Documents/projects/portfolio/engaging/src/app/layout.tsx","all":false,"statementMap":{"1":{"start":{"line":2,"column":0},"end":{"line":2,"column":60}},"4":{"start":{"line":5,"column":0},"end":{"line":5,"column":42}},"6":{"start":{"line":7,"column":0},"end":{"line":7,"column":30}},"12":{"start":{"line":13,"column":0},"end":{"line":13,"column":62}},"14":{"start":{"line":15,"column":0},"end":{"line":15,"column":23}},"15":{"start":{"line":16,"column":0},"end":{"line":16,"column":21}},"16":{"start":{"line":17,"column":0},"end":{"line":17,"column":32}},"17":{"start":{"line":18,"column":0},"end":{"line":18,"column":52}},"18":{"start":{"line":19,"column":0},"end":{"line":19,"column":3}},"20":{"start":{"line":21,"column":0},"end":{"line":21,"column":41}},"21":{"start":{"line":22,"column":0},"end":{"line":22,"column":18}},"22":{"start":{"line":23,"column":0},"end":{"line":23,"column":56}},"23":{"start":{"line":24,"column":0},"end":{"line":24,"column":21}},"24":{"start":{"line":25,"column":0},"end":{"line":25,"column":9}},"27":{"start":{"line":28,"column":0},"end":{"line":28,"column":22}}},"s":{"1":1,"4":1,"6":1,"12":1,"14":1,"15":1,"16":1,"17":1,"18":1,"20":1,"21":4,"22":4,"23":4,"24":4,"27":1},"branchMap":{"0":{"type":"branch","line":21,"loc":{"start":{"line":21,"column":15},"end":{"line":25,"column":9}},"locations":[{"start":{"line":21,"column":15},"end":{"line":25,"column":9}}]}},"b":{"0":[4]},"fnMap":{"0":{"name":"Layout","decl":{"start":{"line":21,"column":15},"end":{"line":25,"column":9}},"loc":{"start":{"line":21,"column":15},"end":{"line":25,"column":9}},"line":21}},"f":{"0":4}}
,"/Users/billywatson/Documents/projects/portfolio/engaging/src/app/loading.tsx": {"path":"/Users/billywatson/Documents/projects/portfolio/engaging/src/app/loading.tsx","all":false,"statementMap":{"4":{"start":{"line":5,"column":0},"end":{"line":5,"column":73}},"6":{"start":{"line":7,"column":0},"end":{"line":7,"column":37}},"7":{"start":{"line":8,"column":0},"end":{"line":8,"column":30}},"8":{"start":{"line":9,"column":0},"end":{"line":9,"column":53}},"9":{"start":{"line":10,"column":0},"end":{"line":10,"column":23}},"10":{"start":{"line":11,"column":0},"end":{"line":11,"column":9}},"13":{"start":{"line":14,"column":0},"end":{"line":14,"column":27}}},"s":{"4":1,"6":1,"7":3,"8":3,"9":3,"10":3,"13":1},"branchMap":{"0":{"type":"branch","line":7,"loc":{"start":{"line":7,"column":30},"end":{"line":11,"column":9}},"locations":[{"start":{"line":7,"column":30},"end":{"line":11,"column":9}}]}},"b":{"0":[3]},"fnMap":{"0":{"name":"LoadingPage","decl":{"start":{"line":7,"column":30},"end":{"line":11,"column":9}},"loc":{"start":{"line":7,"column":30},"end":{"line":11,"column":9}},"line":7}},"f":{"0":3}}
,"/Users/billywatson/Documents/projects/portfolio/engaging/src/app/not-found.tsx": {"path":"/Users/billywatson/Documents/projects/portfolio/engaging/src/app/not-found.tsx","all":false,"statementMap":{"0":{"start":{"line":1,"column":0},"end":{"line":1,"column":52}},"1":{"start":{"line":2,"column":0},"end":{"line":2,"column":55}},"3":{"start":{"line":4,"column":0},"end":{"line":4,"column":28}},"4":{"start":{"line":5,"column":0},"end":{"line":5,"column":33}},"5":{"start":{"line":6,"column":0},"end":{"line":6,"column":24}},"8":{"start":{"line":9,"column":0},"end":{"line":9,"column":8}},"9":{"start":{"line":10,"column":0},"end":{"line":10,"column":63}},"10":{"start":{"line":11,"column":0},"end":{"line":11,"column":10}},"13":{"start":{"line":14,"column":0},"end":{"line":14,"column":28}}},"s":{"0":1,"1":1,"3":1,"4":3,"5":3,"8":3,"9":3,"10":3,"13":1},"branchMap":{"0":{"type":"branch","line":4,"loc":{"start":{"line":4,"column":21},"end":{"line":11,"column":10}},"locations":[{"start":{"line":4,"column":21},"end":{"line":11,"column":10}}]}},"b":{"0":[3]},"fnMap":{"0":{"name":"NotFoundPage","decl":{"start":{"line":4,"column":21},"end":{"line":11,"column":10}},"loc":{"start":{"line":4,"column":21},"end":{"line":11,"column":10}},"line":4}},"f":{"0":3}}
,"/Users/billywatson/Documents/projects/portfolio/engaging/src/app/page.tsx": {"path":"/Users/billywatson/Documents/projects/portfolio/engaging/src/app/page.tsx","all":false,"statementMap":{"2":{"start":{"line":3,"column":0},"end":{"line":3,"column":43}},"5":{"start":{"line":6,"column":0},"end":{"line":6,"column":51}},"6":{"start":{"line":7,"column":0},"end":{"line":7,"column":53}},"7":{"start":{"line":8,"column":0},"end":{"line":8,"column":46}},"9":{"start":{"line":10,"column":0},"end":{"line":10,"column":67}},"10":{"start":{"line":11,"column":0},"end":{"line":11,"column":65}},"12":{"start":{"line":13,"column":0},"end":{"line":13,"column":57}},"13":{"start":{"line":14,"column":0},"end":{"line":14,"column":54}},"14":{"start":{"line":15,"column":0},"end":{"line":15,"column":14}},"15":{"start":{"line":16,"column":0},"end":{"line":16,"column":12}},"16":{"start":{"line":17,"column":0},"end":{"line":17,"column":13}},"17":{"start":{"line":18,"column":0},"end":{"line":18,"column":4}},"19":{"start":{"line":20,"column":0},"end":{"line":20,"column":10}},"20":{"start":{"line":21,"column":0},"end":{"line":21,"column":10}},"21":{"start":{"line":22,"column":0},"end":{"line":22,"column":16}},"22":{"start":{"line":23,"column":0},"end":{"line":23,"column":4}},"23":{"start":{"line":24,"column":0},"end":{"line":24,"column":2}},"25":{"start":{"line":26,"column":0},"end":{"line":26,"column":40}},"26":{"start":{"line":27,"column":0},"end":{"line":27,"column":67}},"28":{"start":{"line":29,"column":0},"end":{"line":29,"column":34}},"30":{"start":{"line":31,"column":0},"end":{"line":31,"column":48}},"32":{"start":{"line":33,"column":0},"end":{"line":33,"column":10}},"33":{"start":{"line":34,"column":0},"end":{"line":34,"column":32}},"34":{"start":{"line":35,"column":0},"end":{"line":35,"column":42}},"35":{"start":{"line":36,"column":0},"end":{"line":36,"column":63}},"36":{"start":{"line":37,"column":0},"end":{"line":37,"column":19}},"37":{"start":{"line":38,"column":0},"end":{"line":38,"column":11}},"39":{"start":{"line":40,"column":0},"end":{"line":40,"column":2}},"41":{"start":{"line":42,"column":0},"end":{"line":42,"column":29}},"43":{"start":{"line":44,"column":0},"end":{"line":44,"column":24}}},"s":{"2":1,"5":1,"6":1,"7":1,"9":1,"10":1,"12":1,"13":1,"14":1,"15":1,"16":1,"17":1,"19":1,"20":1,"21":1,"22":1,"23":1,"25":1,"26":6,"28":6,"30":6,"32":6,"33":6,"34":6,"35":6,"36":6,"37":6,"39":6,"41":1,"43":1},"branchMap":{"0":{"type":"branch","line":13,"loc":{"start":{"line":13,"column":25},"end":{"line":24,"column":2}},"locations":[{"start":{"line":13,"column":25},"end":{"line":24,"column":2}}]},"1":{"type":"branch","line":26,"loc":{"start":{"line":26,"column":27},"end":{"line":40,"column":2}},"locations":[{"start":{"line":26,"column":27},"end":{"line":40,"column":2}}]}},"b":{"0":[1],"1":[6]},"fnMap":{"0":{"name":"generateMetadata","decl":{"start":{"line":13,"column":25},"end":{"line":24,"column":2}},"loc":{"start":{"line":13,"column":25},"end":{"line":24,"column":2}},"line":13},"1":{"name":"HomePage","decl":{"start":{"line":26,"column":27},"end":{"line":40,"column":2}},"loc":{"start":{"line":26,"column":27},"end":{"line":40,"column":2}},"line":26}},"f":{"0":1,"1":6}}
,"/Users/billywatson/Documents/projects/portfolio/engaging/src/app/cv/loading.tsx": {"path":"/Users/billywatson/Documents/projects/portfolio/engaging/src/app/cv/loading.tsx","all":false,"statementMap":{"4":{"start":{"line":5,"column":0},"end":{"line":5,"column":73}},"5":{"start":{"line":6,"column":0},"end":{"line":6,"column":70}},"6":{"start":{"line":7,"column":0},"end":{"line":7,"column":61}},"7":{"start":{"line":8,"column":0},"end":{"line":8,"column":65}},"9":{"start":{"line":10,"column":0},"end":{"line":10,"column":37}},"10":{"start":{"line":11,"column":0},"end":{"line":11,"column":28}},"11":{"start":{"line":12,"column":0},"end":{"line":12,"column":29}},"12":{"start":{"line":13,"column":0},"end":{"line":13,"column":29}},"13":{"start":{"line":14,"column":0},"end":{"line":14,"column":26}},"14":{"start":{"line":15,"column":0},"end":{"line":15,"column":34}},"15":{"start":{"line":16,"column":0},"end":{"line":16,"column":49}},"16":{"start":{"line":17,"column":0},"end":{"line":17,"column":51}},"17":{"start":{"line":18,"column":0},"end":{"line":18,"column":20}},"18":{"start":{"line":19,"column":0},"end":{"line":19,"column":53}},"19":{"start":{"line":20,"column":0},"end":{"line":20,"column":48}},"20":{"start":{"line":21,"column":0},"end":{"line":21,"column":39}},"21":{"start":{"line":22,"column":0},"end":{"line":22,"column":15}},"22":{"start":{"line":23,"column":0},"end":{"line":23,"column":20}},"23":{"start":{"line":24,"column":0},"end":{"line":24,"column":14}},"24":{"start":{"line":25,"column":0},"end":{"line":25,"column":12}},"25":{"start":{"line":26,"column":0},"end":{"line":26,"column":10}},"26":{"start":{"line":27,"column":0},"end":{"line":27,"column":9}},"29":{"start":{"line":30,"column":0},"end":{"line":30,"column":27}}},"s":{"4":1,"5":1,"6":1,"7":1,"9":1,"10":5,"11":5,"12":5,"13":5,"14":5,"15":5,"16":5,"17":5,"18":5,"19":5,"20":15,"21":5,"22":5,"23":5,"24":5,"25":5,"26":5,"29":1},"branchMap":{"0":{"type":"branch","line":10,"loc":{"start":{"line":10,"column":30},"end":{"line":27,"column":9}},"locations":[{"start":{"line":10,"column":30},"end":{"line":27,"column":9}}]},"1":{"type":"branch","line":20,"loc":{"start":{"line":20,"column":38},"end":{"line":21,"column":39}},"locations":[{"start":{"line":20,"column":38},"end":{"line":21,"column":39}}]}},"b":{"0":[5],"1":[15]},"fnMap":{"0":{"name":"LoadingPage","decl":{"start":{"line":10,"column":30},"end":{"line":27,"column":9}},"loc":{"start":{"line":10,"column":30},"end":{"line":27,"column":9}},"line":10}},"f":{"0":5}}
,"/Users/billywatson/Documents/projects/portfolio/engaging/src/app/cv/page.tsx": {"path":"/Users/billywatson/Documents/projects/portfolio/engaging/src/app/cv/page.tsx","all":false,"statementMap":{"1":{"start":{"line":2,"column":0},"end":{"line":2,"column":43}},"3":{"start":{"line":4,"column":0},"end":{"line":4,"column":39}},"6":{"start":{"line":7,"column":0},"end":{"line":7,"column":51}},"7":{"start":{"line":8,"column":0},"end":{"line":8,"column":53}},"8":{"start":{"line":9,"column":0},"end":{"line":9,"column":42}},"10":{"start":{"line":11,"column":0},"end":{"line":11,"column":62}},"11":{"start":{"line":12,"column":0},"end":{"line":12,"column":65}},"12":{"start":{"line":13,"column":0},"end":{"line":13,"column":83}},"13":{"start":{"line":14,"column":0},"end":{"line":14,"column":71}},"14":{"start":{"line":15,"column":0},"end":{"line":15,"column":53}},"15":{"start":{"line":16,"column":0},"end":{"line":16,"column":65}},"17":{"start":{"line":18,"column":0},"end":{"line":18,"column":57}},"18":{"start":{"line":19,"column":0},"end":{"line":19,"column":77}},"20":{"start":{"line":21,"column":0},"end":{"line":21,"column":10}},"21":{"start":{"line":22,"column":0},"end":{"line":22,"column":10}},"22":{"start":{"line":23,"column":0},"end":{"line":23,"column":16}},"23":{"start":{"line":24,"column":0},"end":{"line":24,"column":4}},"24":{"start":{"line":25,"column":0},"end":{"line":25,"column":2}},"26":{"start":{"line":27,"column":0},"end":{"line":27,"column":38}},"27":{"start":{"line":28,"column":0},"end":{"line":28,"column":59}},"29":{"start":{"line":30,"column":0},"end":{"line":30,"column":29}},"31":{"start":{"line":32,"column":0},"end":{"line":32,"column":9}},"32":{"start":{"line":33,"column":0},"end":{"line":33,"column":10}},"33":{"start":{"line":34,"column":0},"end":{"line":34,"column":23}},"34":{"start":{"line":35,"column":0},"end":{"line":35,"column":24}},"35":{"start":{"line":36,"column":0},"end":{"line":36,"column":10}},"36":{"start":{"line":37,"column":0},"end":{"line":37,"column":12}},"37":{"start":{"line":38,"column":0},"end":{"line":38,"column":17}},"38":{"start":{"line":39,"column":0},"end":{"line":39,"column":9}},"39":{"start":{"line":40,"column":0},"end":{"line":40,"column":11}},"40":{"start":{"line":41,"column":0},"end":{"line":41,"column":19}},"41":{"start":{"line":42,"column":0},"end":{"line":42,"column":16}},"42":{"start":{"line":43,"column":0},"end":{"line":43,"column":15}},"43":{"start":{"line":44,"column":0},"end":{"line":44,"column":11}},"45":{"start":{"line":46,"column":0},"end":{"line":46,"column":10}},"46":{"start":{"line":47,"column":0},"end":{"line":47,"column":30}},"47":{"start":{"line":48,"column":0},"end":{"line":48,"column":31}},"48":{"start":{"line":49,"column":0},"end":{"line":49,"column":31}},"49":{"start":{"line":50,"column":0},"end":{"line":50,"column":17}},"50":{"start":{"line":51,"column":0},"end":{"line":51,"column":25}},"51":{"start":{"line":52,"column":0},"end":{"line":52,"column":51}},"52":{"start":{"line":53,"column":0},"end":{"line":53,"column":53}},"53":{"start":{"line":54,"column":0},"end":{"line":54,"column":25}},"54":{"start":{"line":55,"column":0},"end":{"line":55,"column":12}},"55":{"start":{"line":56,"column":0},"end":{"line":56,"column":36}},"56":{"start":{"line":57,"column":0},"end":{"line":57,"column":51}},"57":{"start":{"line":58,"column":0},"end":{"line":58,"column":64}},"58":{"start":{"line":59,"column":0},"end":{"line":59,"column":22}},"59":{"start":{"line":60,"column":0},"end":{"line":60,"column":67}},"60":{"start":{"line":61,"column":0},"end":{"line":61,"column":42}},"61":{"start":{"line":62,"column":0},"end":{"line":62,"column":75}},"62":{"start":{"line":63,"column":0},"end":{"line":63,"column":17}},"63":{"start":{"line":64,"column":0},"end":{"line":64,"column":22}},"64":{"start":{"line":65,"column":0},"end":{"line":65,"column":38}},"65":{"start":{"line":66,"column":0},"end":{"line":66,"column":53}},"66":{"start":{"line":67,"column":0},"end":{"line":67,"column":22}},"67":{"start":{"line":68,"column":0},"end":{"line":68,"column":46}},"68":{"start":{"line":69,"column":0},"end":{"line":69,"column":55}},"69":{"start":{"line":70,"column":0},"end":{"line":70,"column":75}},"70":{"start":{"line":71,"column":0},"end":{"line":71,"column":17}},"71":{"start":{"line":72,"column":0},"end":{"line":72,"column":22}},"72":{"start":{"line":73,"column":0},"end":{"line":73,"column":39}},"73":{"start":{"line":74,"column":0},"end":{"line":74,"column":45}},"74":{"start":{"line":75,"column":0},"end":{"line":75,"column":22}},"75":{"start":{"line":76,"column":0},"end":{"line":76,"column":55}},"76":{"start":{"line":77,"column":0},"end":{"line":77,"column":47}},"77":{"start":{"line":78,"column":0},"end":{"line":78,"column":63}},"78":{"start":{"line":79,"column":0},"end":{"line":79,"column":17}},"79":{"start":{"line":80,"column":0},"end":{"line":80,"column":22}},"80":{"start":{"line":81,"column":0},"end":{"line":81,"column":16}},"81":{"start":{"line":82,"column":0},"end":{"line":82,"column":14}},"82":{"start":{"line":83,"column":0},"end":{"line":83,"column":12}},"83":{"start":{"line":84,"column":0},"end":{"line":84,"column":11}},"85":{"start":{"line":86,"column":0},"end":{"line":86,"column":2}},"87":{"start":{"line":88,"column":0},"end":{"line":88,"column":29}},"89":{"start":{"line":90,"column":0},"end":{"line":90,"column":22}}},"s":{"1":1,"3":1,"6":1,"7":1,"8":1,"10":1,"11":1,"12":1,"13":1,"14":1,"15":1,"17":1,"18":1,"20":1,"21":1,"22":1,"23":1,"24":1,"26":1,"27":11,"29":11,"31":11,"32":11,"33":11,"34":11,"35":11,"36":11,"37":11,"38":11,"39":11,"40":11,"41":11,"42":11,"43":11,"45":11,"46":11,"47":11,"48":11,"49":11,"50":11,"51":11,"52":11,"53":11,"54":11,"55":11,"56":11,"57":11,"58":11,"59":11,"60":11,"61":66,"62":11,"63":11,"64":11,"65":11,"66":11,"67":11,"68":11,"69":22,"70":11,"71":11,"72":11,"73":11,"74":11,"75":11,"76":11,"77":33,"78":11,"79":11,"80":11,"81":11,"82":11,"83":11,"85":11,"87":1,"89":1},"branchMap":{"0":{"type":"branch","line":18,"loc":{"start":{"line":18,"column":25},"end":{"line":25,"column":2}},"locations":[{"start":{"line":18,"column":25},"end":{"line":25,"column":2}}]},"1":{"type":"branch","line":27,"loc":{"start":{"line":27,"column":25},"end":{"line":86,"column":2}},"locations":[{"start":{"line":27,"column":25},"end":{"line":86,"column":2}}]},"2":{"type":"branch","line":61,"loc":{"start":{"line":61,"column":25},"end":{"line":62,"column":75}},"locations":[{"start":{"line":61,"column":25},"end":{"line":62,"column":75}}]},"3":{"type":"branch","line":62,"loc":{"start":{"line":62,"column":60},"end":{"line":62,"column":70}},"locations":[{"start":{"line":62,"column":60},"end":{"line":62,"column":70}}]},"4":{"type":"branch","line":62,"loc":{"start":{"line":62,"column":64},"end":{"line":62,"column":73}},"locations":[{"start":{"line":62,"column":64},"end":{"line":62,"column":73}}]},"5":{"type":"branch","line":69,"loc":{"start":{"line":69,"column":35},"end":{"line":70,"column":75}},"locations":[{"start":{"line":69,"column":35},"end":{"line":70,"column":75}}]},"6":{"type":"branch","line":77,"loc":{"start":{"line":77,"column":31},"end":{"line":78,"column":63}},"locations":[{"start":{"line":77,"column":31},"end":{"line":78,"column":63}}]}},"b":{"0":[1],"1":[11],"2":[66],"3":[11],"4":[55],"5":[22],"6":[33]},"fnMap":{"0":{"name":"generateMetadata","decl":{"start":{"line":18,"column":25},"end":{"line":25,"column":2}},"loc":{"start":{"line":18,"column":25},"end":{"line":25,"column":2}},"line":18},"1":{"name":"CVPage","decl":{"start":{"line":27,"column":25},"end":{"line":86,"column":2}},"loc":{"start":{"line":27,"column":25},"end":{"line":86,"column":2}},"line":27}},"f":{"0":1,"1":11}}
,"/Users/billywatson/Documents/projects/portfolio/engaging/src/components/atoms/Address/Address.test.tsx": {"path":"/Users/billywatson/Documents/projects/portfolio/engaging/src/components/atoms/Address/Address.test.tsx","all":false,"statementMap":{"0":{"start":{"line":1,"column":0},"end":{"line":1,"column":56}},"2":{"start":{"line":3,"column":0},"end":{"line":3,"column":55}},"4":{"start":{"line":5,"column":0},"end":{"line":5,"column":40}},"6":{"start":{"line":7,"column":0},"end":{"line":7,"column":36}},"7":{"start":{"line":8,"column":0},"end":{"line":8,"column":26}},"8":{"start":{"line":9,"column":0},"end":{"line":9,"column":2}},"10":{"start":{"line":11,"column":0},"end":{"line":11,"column":48}},"11":{"start":{"line":12,"column":0},"end":{"line":12,"column":51}},"13":{"start":{"line":14,"column":0},"end":{"line":14,"column":27}},"14":{"start":{"line":15,"column":0},"end":{"line":15,"column":34}},"15":{"start":{"line":16,"column":0},"end":{"line":16,"column":12}},"17":{"start":{"line":18,"column":0},"end":{"line":18,"column":54}},"18":{"start":{"line":19,"column":0},"end":{"line":19,"column":58}},"19":{"start":{"line":20,"column":0},"end":{"line":20,"column":5}},"20":{"start":{"line":21,"column":0},"end":{"line":21,"column":3}}},"s":{"0":1,"2":1,"4":1,"6":1,"7":1,"8":1,"10":1,"11":1,"13":1,"14":1,"15":1,"17":1,"18":1,"19":1,"20":1},"branchMap":{"0":{"type":"branch","line":11,"loc":{"start":{"line":11,"column":14},"end":{"line":12,"column":51}},"locations":[{"start":{"line":11,"column":14},"end":{"line":12,"column":51}}]},"1":{"type":"branch","line":14,"loc":{"start":{"line":14,"column":20},"end":{"line":21,"column":3}},"locations":[{"start":{"line":14,"column":20},"end":{"line":21,"column":3}}]},"2":{"type":"branch","line":15,"loc":{"start":{"line":15,"column":27},"end":{"line":20,"column":3}},"locations":[{"start":{"line":15,"column":27},"end":{"line":20,"column":3}}]},"3":{"type":"branch","line":19,"loc":{"start":{"line":19,"column":6},"end":{"line":19,"column":58}},"locations":[{"start":{"line":19,"column":6},"end":{"line":19,"column":58}}]}},"b":{"0":[1],"1":[1],"2":[1],"3":[4]},"fnMap":{"0":{"name":"setup","decl":{"start":{"line":11,"column":14},"end":{"line":12,"column":51}},"loc":{"start":{"line":11,"column":14},"end":{"line":12,"column":51}},"line":11}},"f":{"0":1}}
,"/Users/billywatson/Documents/projects/portfolio/engaging/src/components/atoms/Address/Address.tsx": {"path":"/Users/billywatson/Documents/projects/portfolio/engaging/src/components/atoms/Address/Address.tsx","all":false,"statementMap":{"11":{"start":{"line":12,"column":0},"end":{"line":12,"column":18}},"12":{"start":{"line":13,"column":0},"end":{"line":13,"column":64}},"13":{"start":{"line":14,"column":0},"end":{"line":14,"column":14}},"14":{"start":{"line":15,"column":0},"end":{"line":15,"column":23}},"15":{"start":{"line":16,"column":0},"end":{"line":16,"column":61}},"16":{"start":{"line":17,"column":0},"end":{"line":17,"column":50}},"17":{"start":{"line":18,"column":0},"end":{"line":18,"column":65}},"18":{"start":{"line":19,"column":0},"end":{"line":19,"column":55}},"19":{"start":{"line":20,"column":0},"end":{"line":20,"column":6}}},"s":{"11":1,"12":1,"13":1,"14":1,"15":1,"16":1,"17":1,"18":1,"19":1},"branchMap":{"0":{"type":"branch","line":12,"loc":{"start":{"line":12,"column":16},"end":{"line":20,"column":6}},"locations":[{"start":{"line":12,"column":16},"end":{"line":20,"column":6}}]}},"b":{"0":[1]},"fnMap":{"0":{"name":"Address","decl":{"start":{"line":12,"column":16},"end":{"line":20,"column":6}},"loc":{"start":{"line":12,"column":16},"end":{"line":20,"column":6}},"line":12}},"f":{"0":1}}
,"/Users/billywatson/Documents/projects/portfolio/engaging/src/components/atoms/Bullet/Bullet.test.tsx": {"path":"/Users/billywatson/Documents/projects/portfolio/engaging/src/components/atoms/Bullet/Bullet.test.tsx","all":false,"statementMap":{"0":{"start":{"line":1,"column":0},"end":{"line":1,"column":64}},"2":{"start":{"line":3,"column":0},"end":{"line":3,"column":52}},"4":{"start":{"line":5,"column":0},"end":{"line":5,"column":37}},"6":{"start":{"line":7,"column":0},"end":{"line":7,"column":35}},"7":{"start":{"line":8,"column":0},"end":{"line":8,"column":44}},"8":{"start":{"line":9,"column":0},"end":{"line":9,"column":2}},"10":{"start":{"line":11,"column":0},"end":{"line":11,"column":47}},"11":{"start":{"line":12,"column":0},"end":{"line":12,"column":50}},"13":{"start":{"line":14,"column":0},"end":{"line":14,"column":26}},"14":{"start":{"line":15,"column":0},"end":{"line":15,"column":34}},"15":{"start":{"line":16,"column":0},"end":{"line":16,"column":12}},"17":{"start":{"line":18,"column":0},"end":{"line":18,"column":11}},"18":{"start":{"line":19,"column":0},"end":{"line":19,"column":64}},"19":{"start":{"line":20,"column":0},"end":{"line":20,"column":27}},"20":{"start":{"line":21,"column":0},"end":{"line":21,"column":8}},"21":{"start":{"line":22,"column":0},"end":{"line":22,"column":26}},"22":{"start":{"line":23,"column":0},"end":{"line":23,"column":5}},"23":{"start":{"line":24,"column":0},"end":{"line":24,"column":3}}},"s":{"0":1,"2":1,"4":1,"6":1,"7":1,"8":1,"10":1,"11":1,"13":1,"14":1,"15":1,"17":1,"18":1,"19":1,"20":1,"21":1,"22":1,"23":1},"branchMap":{"0":{"type":"branch","line":11,"loc":{"start":{"line":11,"column":14},"end":{"line":12,"column":50}},"locations":[{"start":{"line":11,"column":14},"end":{"line":12,"column":50}}]},"1":{"type":"branch","line":14,"loc":{"start":{"line":14,"column":19},"end":{"line":24,"column":3}},"locations":[{"start":{"line":14,"column":19},"end":{"line":24,"column":3}}]},"2":{"type":"branch","line":15,"loc":{"start":{"line":15,"column":27},"end":{"line":23,"column":3}},"locations":[{"start":{"line":15,"column":27},"end":{"line":23,"column":3}}]}},"b":{"0":[1],"1":[1],"2":[1]},"fnMap":{"0":{"name":"setup","decl":{"start":{"line":11,"column":14},"end":{"line":12,"column":50}},"loc":{"start":{"line":11,"column":14},"end":{"line":12,"column":50}},"line":11}},"f":{"0":1}}
,"/Users/billywatson/Documents/projects/portfolio/engaging/src/components/atoms/Bullet/Bullet.tsx": {"path":"/Users/billywatson/Documents/projects/portfolio/engaging/src/components/atoms/Bullet/Bullet.tsx","all":false,"statementMap":{"2":{"start":{"line":3,"column":0},"end":{"line":3,"column":50}},"3":{"start":{"line":4,"column":0},"end":{"line":4,"column":42}},"4":{"start":{"line":5,"column":0},"end":{"line":5,"column":52}},"14":{"start":{"line":15,"column":0},"end":{"line":15,"column":54}},"15":{"start":{"line":16,"column":0},"end":{"line":16,"column":18}},"16":{"start":{"line":17,"column":0},"end":{"line":17,"column":11}},"17":{"start":{"line":18,"column":0},"end":{"line":18,"column":11}},"18":{"start":{"line":19,"column":0},"end":{"line":19,"column":23}},"19":{"start":{"line":20,"column":0},"end":{"line":20,"column":11}},"20":{"start":{"line":21,"column":0},"end":{"line":21,"column":23}},"21":{"start":{"line":22,"column":0},"end":{"line":22,"column":11}},"22":{"start":{"line":23,"column":0},"end":{"line":23,"column":11}},"23":{"start":{"line":24,"column":0},"end":{"line":24,"column":23}},"24":{"start":{"line":25,"column":0},"end":{"line":25,"column":11}},"25":{"start":{"line":26,"column":0},"end":{"line":26,"column":23}},"26":{"start":{"line":27,"column":0},"end":{"line":27,"column":11}},"27":{"start":{"line":28,"column":0},"end":{"line":28,"column":23}},"28":{"start":{"line":29,"column":0},"end":{"line":29,"column":12}},"29":{"start":{"line":30,"column":0},"end":{"line":30,"column":23}},"30":{"start":{"line":31,"column":0},"end":{"line":31,"column":3}},"31":{"start":{"line":32,"column":0},"end":{"line":32,"column":2}},"33":{"start":{"line":34,"column":0},"end":{"line":34,"column":54}},"34":{"start":{"line":35,"column":0},"end":{"line":35,"column":42}},"35":{"start":{"line":36,"column":0},"end":{"line":36,"column":23}},"36":{"start":{"line":37,"column":0},"end":{"line":37,"column":67}},"37":{"start":{"line":38,"column":0},"end":{"line":38,"column":8}},"40":{"start":{"line":41,"column":0},"end":{"line":41,"column":41}},"41":{"start":{"line":42,"column":0},"end":{"line":42,"column":42}},"42":{"start":{"line":43,"column":0},"end":{"line":43,"column":41}},"43":{"start":{"line":44,"column":0},"end":{"line":44,"column":16}},"44":{"start":{"line":45,"column":0},"end":{"line":45,"column":38}},"45":{"start":{"line":46,"column":0},"end":{"line":46,"column":5}},"47":{"start":{"line":48,"column":0},"end":{"line":48,"column":10}},"48":{"start":{"line":49,"column":0},"end":{"line":49,"column":37}},"49":{"start":{"line":50,"column":0},"end":{"line":50,"column":74}},"50":{"start":{"line":51,"column":0},"end":{"line":51,"column":16}},"51":{"start":{"line":52,"column":0},"end":{"line":52,"column":9}},"53":{"start":{"line":54,"column":0},"end":{"line":54,"column":2}}},"s":{"2":1,"3":1,"4":1,"14":1,"15":14,"16":14,"17":14,"18":4,"19":14,"20":2,"21":14,"22":14,"23":2,"24":14,"25":2,"26":14,"27":2,"28":14,"29":2,"30":14,"31":14,"33":1,"34":14,"35":14,"36":14,"37":14,"40":1,"41":1,"42":1,"43":1,"44":1,"45":1,"47":1,"48":1,"49":1,"50":1,"51":1,"53":1},"branchMap":{"0":{"type":"branch","line":15,"loc":{"start":{"line":15,"column":26},"end":{"line":32,"column":2}},"locations":[{"start":{"line":15,"column":26},"end":{"line":32,"column":2}}]},"1":{"type":"branch","line":17,"loc":{"start":{"line":17,"column":4},"end":{"line":17,"column":11}},"locations":[{"start":{"line":17,"column":4},"end":{"line":17,"column":11}}]},"2":{"type":"branch","line":18,"loc":{"start":{"line":18,"column":4},"end":{"line":19,"column":23}},"locations":[{"start":{"line":18,"column":4},"end":{"line":19,"column":23}}]},"3":{"type":"branch","line":20,"loc":{"start":{"line":20,"column":4},"end":{"line":21,"column":23}},"locations":[{"start":{"line":20,"column":4},"end":{"line":21,"column":23}}]},"4":{"type":"branch","line":22,"loc":{"start":{"line":22,"column":4},"end":{"line":22,"column":11}},"locations":[{"start":{"line":22,"column":4},"end":{"line":22,"column":11}}]},"5":{"type":"branch","line":23,"loc":{"start":{"line":23,"column":4},"end":{"line":24,"column":23}},"locations":[{"start":{"line":23,"column":4},"end":{"line":24,"column":23}}]},"6":{"type":"branch","line":25,"loc":{"start":{"line":25,"column":4},"end":{"line":26,"column":23}},"locations":[{"start":{"line":25,"column":4},"end":{"line":26,"column":23}}]},"7":{"type":"branch","line":27,"loc":{"start":{"line":27,"column":4},"end":{"line":28,"column":23}},"locations":[{"start":{"line":27,"column":4},"end":{"line":28,"column":23}}]},"8":{"type":"branch","line":29,"loc":{"start":{"line":29,"column":4},"end":{"line":30,"column":23}},"locations":[{"start":{"line":29,"column":4},"end":{"line":30,"column":23}}]},"9":{"type":"branch","line":34,"loc":{"start":{"line":34,"column":23},"end":{"line":38,"column":8}},"locations":[{"start":{"line":34,"column":23},"end":{"line":38,"column":8}}]},"10":{"type":"branch","line":41,"loc":{"start":{"line":41,"column":15},"end":{"line":54,"column":2}},"locations":[{"start":{"line":41,"column":15},"end":{"line":54,"column":2}}]}},"b":{"0":[14],"1":[2],"2":[4],"3":[2],"4":[2],"5":[2],"6":[2],"7":[2],"8":[2],"9":[14],"10":[1]},"fnMap":{"0":{"name":"getWidthClassName","decl":{"start":{"line":15,"column":26},"end":{"line":32,"column":2}},"loc":{"start":{"line":15,"column":26},"end":{"line":32,"column":2}},"line":15},"1":{"name":"BulletSkeleton","decl":{"start":{"line":34,"column":23},"end":{"line":38,"column":8}},"loc":{"start":{"line":34,"column":23},"end":{"line":38,"column":8}},"line":34},"2":{"name":"Bullet","decl":{"start":{"line":41,"column":15},"end":{"line":54,"column":2}},"loc":{"start":{"line":41,"column":15},"end":{"line":54,"column":2}},"line":41}},"f":{"0":14,"1":14,"2":1}}
,"/Users/billywatson/Documents/projects/portfolio/engaging/src/components/atoms/Dates/Dates.test.tsx": {"path":"/Users/billywatson/Documents/projects/portfolio/engaging/src/components/atoms/Dates/Dates.test.tsx","all":false,"statementMap":{"0":{"start":{"line":1,"column":0},"end":{"line":1,"column":65}},"2":{"start":{"line":3,"column":0},"end":{"line":3,"column":49}},"4":{"start":{"line":5,"column":0},"end":{"line":5,"column":40}},"6":{"start":{"line":7,"column":0},"end":{"line":7,"column":48}},"8":{"start":{"line":9,"column":0},"end":{"line":9,"column":34}},"9":{"start":{"line":10,"column":0},"end":{"line":10,"column":38}},"10":{"start":{"line":11,"column":0},"end":{"line":11,"column":2}},"12":{"start":{"line":13,"column":0},"end":{"line":13,"column":46}},"13":{"start":{"line":14,"column":0},"end":{"line":14,"column":49}},"15":{"start":{"line":16,"column":0},"end":{"line":16,"column":25}},"16":{"start":{"line":17,"column":0},"end":{"line":17,"column":20}},"17":{"start":{"line":18,"column":0},"end":{"line":18,"column":23}},"18":{"start":{"line":19,"column":0},"end":{"line":19,"column":14}},"19":{"start":{"line":20,"column":0},"end":{"line":20,"column":5}},"21":{"start":{"line":22,"column":0},"end":{"line":22,"column":27}},"22":{"start":{"line":23,"column":0},"end":{"line":23,"column":57}},"23":{"start":{"line":24,"column":0},"end":{"line":24,"column":40}},"24":{"start":{"line":25,"column":0},"end":{"line":25,"column":16}},"26":{"start":{"line":27,"column":0},"end":{"line":27,"column":54}},"28":{"start":{"line":29,"column":0},"end":{"line":29,"column":66}},"29":{"start":{"line":30,"column":0},"end":{"line":30,"column":70}},"30":{"start":{"line":31,"column":0},"end":{"line":31,"column":9}},"31":{"start":{"line":32,"column":0},"end":{"line":32,"column":7}},"33":{"start":{"line":34,"column":0},"end":{"line":34,"column":65}},"34":{"start":{"line":35,"column":0},"end":{"line":35,"column":37}},"35":{"start":{"line":36,"column":0},"end":{"line":36,"column":38}},"37":{"start":{"line":38,"column":0},"end":{"line":38,"column":15}},"38":{"start":{"line":39,"column":0},"end":{"line":39,"column":38}},"39":{"start":{"line":40,"column":0},"end":{"line":40,"column":11}},"41":{"start":{"line":42,"column":0},"end":{"line":42,"column":79}},"42":{"start":{"line":43,"column":0},"end":{"line":43,"column":9}},"43":{"start":{"line":44,"column":0},"end":{"line":44,"column":7}},"45":{"start":{"line":46,"column":0},"end":{"line":46,"column":45}},"46":{"start":{"line":47,"column":0},"end":{"line":47,"column":54}},"47":{"start":{"line":48,"column":0},"end":{"line":48,"column":38}},"49":{"start":{"line":50,"column":0},"end":{"line":50,"column":15}},"50":{"start":{"line":51,"column":0},"end":{"line":51,"column":28}},"51":{"start":{"line":52,"column":0},"end":{"line":52,"column":11}},"53":{"start":{"line":54,"column":0},"end":{"line":54,"column":79}},"54":{"start":{"line":55,"column":0},"end":{"line":55,"column":15}},"55":{"start":{"line":56,"column":0},"end":{"line":56,"column":55}},"56":{"start":{"line":57,"column":0},"end":{"line":57,"column":30}},"57":{"start":{"line":58,"column":0},"end":{"line":58,"column":9}},"58":{"start":{"line":59,"column":0},"end":{"line":59,"column":7}},"59":{"start":{"line":60,"column":0},"end":{"line":60,"column":5}},"60":{"start":{"line":61,"column":0},"end":{"line":61,"column":3}}},"s":{"0":1,"2":1,"4":1,"6":1,"8":1,"9":1,"10":1,"12":1,"13":3,"15":1,"16":1,"17":3,"18":3,"19":1,"21":1,"22":1,"23":1,"24":1,"26":1,"28":1,"29":1,"30":1,"31":1,"33":1,"34":1,"35":1,"37":1,"38":1,"39":1,"41":1,"42":1,"43":1,"45":1,"46":1,"47":1,"49":1,"50":1,"51":1,"53":1,"54":1,"55":1,"56":1,"57":1,"58":1,"59":1,"60":1},"branchMap":{"0":{"type":"branch","line":13,"loc":{"start":{"line":13,"column":14},"end":{"line":14,"column":49}},"locations":[{"start":{"line":13,"column":14},"end":{"line":14,"column":49}}]},"1":{"type":"branch","line":16,"loc":{"start":{"line":16,"column":18},"end":{"line":61,"column":3}},"locations":[{"start":{"line":16,"column":18},"end":{"line":61,"column":3}}]},"2":{"type":"branch","line":17,"loc":{"start":{"line":17,"column":13},"end":{"line":20,"column":3}},"locations":[{"start":{"line":17,"column":13},"end":{"line":20,"column":3}}]},"3":{"type":"branch","line":22,"loc":{"start":{"line":22,"column":20},"end":{"line":60,"column":3}},"locations":[{"start":{"line":22,"column":20},"end":{"line":60,"column":3}}]},"4":{"type":"branch","line":23,"loc":{"start":{"line":23,"column":50},"end":{"line":32,"column":5}},"locations":[{"start":{"line":23,"column":50},"end":{"line":32,"column":5}}]},"5":{"type":"branch","line":24,"loc":{"start":{"line":24,"column":33},"end":{"line":31,"column":7}},"locations":[{"start":{"line":24,"column":33},"end":{"line":31,"column":7}}]},"6":{"type":"branch","line":30,"loc":{"start":{"line":30,"column":10},"end":{"line":30,"column":70}},"locations":[{"start":{"line":30,"column":10},"end":{"line":30,"column":70}}]},"7":{"type":"branch","line":34,"loc":{"start":{"line":34,"column":58},"end":{"line":44,"column":5}},"locations":[{"start":{"line":34,"column":58},"end":{"line":44,"column":5}}]},"8":{"type":"branch","line":35,"loc":{"start":{"line":35,"column":30},"end":{"line":43,"column":7}},"locations":[{"start":{"line":35,"column":30},"end":{"line":43,"column":7}}]},"9":{"type":"branch","line":46,"loc":{"start":{"line":46,"column":38},"end":{"line":59,"column":5}},"locations":[{"start":{"line":46,"column":38},"end":{"line":59,"column":5}}]},"10":{"type":"branch","line":47,"loc":{"start":{"line":47,"column":47},"end":{"line":58,"column":7}},"locations":[{"start":{"line":47,"column":47},"end":{"line":58,"column":7}}]}},"b":{"0":[3],"1":[1],"2":[3],"3":[1],"4":[1],"5":[1],"6":[2],"7":[1],"8":[1],"9":[1],"10":[1]},"fnMap":{"0":{"name":"setup","decl":{"start":{"line":13,"column":14},"end":{"line":14,"column":49}},"loc":{"start":{"line":13,"column":14},"end":{"line":14,"column":49}},"line":13}},"f":{"0":3}}
,"/Users/billywatson/Documents/projects/portfolio/engaging/src/components/atoms/Dates/Dates.tsx": {"path":"/Users/billywatson/Documents/projects/portfolio/engaging/src/components/atoms/Dates/Dates.tsx","all":false,"statementMap":{"2":{"start":{"line":3,"column":0},"end":{"line":3,"column":26}},"9":{"start":{"line":10,"column":0},"end":{"line":10,"column":31}},"11":{"start":{"line":12,"column":0},"end":{"line":12,"column":48}},"12":{"start":{"line":13,"column":0},"end":{"line":13,"column":29}},"13":{"start":{"line":14,"column":0},"end":{"line":14,"column":55}},"14":{"start":{"line":15,"column":0},"end":{"line":15,"column":27}},"15":{"start":{"line":16,"column":0},"end":{"line":16,"column":31}},"16":{"start":{"line":17,"column":0},"end":{"line":17,"column":76}},"18":{"start":{"line":19,"column":0},"end":{"line":19,"column":10}},"19":{"start":{"line":20,"column":0},"end":{"line":20,"column":68}},"20":{"start":{"line":21,"column":0},"end":{"line":21,"column":50}},"21":{"start":{"line":22,"column":0},"end":{"line":22,"column":33}},"22":{"start":{"line":23,"column":0},"end":{"line":23,"column":10}},"23":{"start":{"line":24,"column":0},"end":{"line":24,"column":17}},"24":{"start":{"line":25,"column":0},"end":{"line":25,"column":74}},"25":{"start":{"line":26,"column":0},"end":{"line":26,"column":11}},"27":{"start":{"line":28,"column":0},"end":{"line":28,"column":8}},"29":{"start":{"line":30,"column":0},"end":{"line":30,"column":2}}},"s":{"2":1,"9":1,"11":1,"12":3,"13":3,"14":3,"15":3,"16":3,"18":3,"19":3,"20":3,"21":3,"22":2,"23":2,"24":2,"25":2,"27":3,"29":3},"branchMap":{"0":{"type":"branch","line":12,"loc":{"start":{"line":12,"column":14},"end":{"line":30,"column":2}},"locations":[{"start":{"line":12,"column":14},"end":{"line":30,"column":2}}]},"1":{"type":"branch","line":17,"loc":{"start":{"line":17,"column":17},"end":{"line":17,"column":66}},"locations":[{"start":{"line":17,"column":17},"end":{"line":17,"column":66}}]},"2":{"type":"branch","line":17,"loc":{"start":{"line":17,"column":62},"end":{"line":17,"column":76}},"locations":[{"start":{"line":17,"column":62},"end":{"line":17,"column":76}}]},"3":{"type":"branch","line":20,"loc":{"start":{"line":20,"column":32},"end":{"line":20,"column":62}},"locations":[{"start":{"line":20,"column":32},"end":{"line":20,"column":62}}]},"4":{"type":"branch","line":22,"loc":{"start":{"line":22,"column":21},"end":{"line":26,"column":11}},"locations":[{"start":{"line":22,"column":21},"end":{"line":26,"column":11}}]},"5":{"type":"branch","line":25,"loc":{"start":{"line":25,"column":11},"end":{"line":25,"column":67}},"locations":[{"start":{"line":25,"column":11},"end":{"line":25,"column":67}}]},"6":{"type":"branch","line":25,"loc":{"start":{"line":25,"column":57},"end":{"line":25,"column":74}},"locations":[{"start":{"line":25,"column":57},"end":{"line":25,"column":74}}]}},"b":{"0":[3],"1":[2],"2":[1],"3":[0],"4":[2],"5":[1],"6":[1]},"fnMap":{"0":{"name":"Dates","decl":{"start":{"line":12,"column":14},"end":{"line":30,"column":2}},"loc":{"start":{"line":12,"column":14},"end":{"line":30,"column":2}},"line":12}},"f":{"0":3}}
,"/Users/billywatson/Documents/projects/portfolio/engaging/src/components/atoms/Divider/Divider.test.tsx": {"path":"/Users/billywatson/Documents/projects/portfolio/engaging/src/components/atoms/Divider/Divider.test.tsx","all":false,"statementMap":{"0":{"start":{"line":1,"column":0},"end":{"line":1,"column":35}},"19":{"start":{"line":20,"column":0},"end":{"line":20,"column":48}},"20":{"start":{"line":21,"column":0},"end":{"line":21,"column":37}},"21":{"start":{"line":22,"column":0},"end":{"line":22,"column":32}},"22":{"start":{"line":23,"column":0},"end":{"line":23,"column":27}},"23":{"start":{"line":24,"column":0},"end":{"line":24,"column":2}},"25":{"start":{"line":26,"column":0},"end":{"line":26,"column":34}},"27":{"start":{"line":28,"column":0},"end":{"line":28,"column":36}},"28":{"start":{"line":29,"column":0},"end":{"line":29,"column":23}},"29":{"start":{"line":30,"column":0},"end":{"line":30,"column":2}},"31":{"start":{"line":32,"column":0},"end":{"line":32,"column":15}},"32":{"start":{"line":33,"column":0},"end":{"line":33,"column":34}},"33":{"start":{"line":34,"column":0},"end":{"line":34,"column":31}},"34":{"start":{"line":35,"column":0},"end":{"line":35,"column":6}},"35":{"start":{"line":36,"column":0},"end":{"line":36,"column":38}},"36":{"start":{"line":37,"column":0},"end":{"line":37,"column":43}},"37":{"start":{"line":38,"column":0},"end":{"line":38,"column":15}},"38":{"start":{"line":39,"column":0},"end":{"line":39,"column":4}},"40":{"start":{"line":41,"column":0},"end":{"line":41,"column":76}},"42":{"start":{"line":43,"column":0},"end":{"line":43,"column":51}},"43":{"start":{"line":44,"column":0},"end":{"line":44,"column":2}},"45":{"start":{"line":46,"column":0},"end":{"line":46,"column":27}},"46":{"start":{"line":47,"column":0},"end":{"line":47,"column":20}},"47":{"start":{"line":48,"column":0},"end":{"line":48,"column":23}},"48":{"start":{"line":49,"column":0},"end":{"line":49,"column":14}},"49":{"start":{"line":50,"column":0},"end":{"line":50,"column":5}},"51":{"start":{"line":52,"column":0},"end":{"line":52,"column":29}},"52":{"start":{"line":53,"column":0},"end":{"line":53,"column":35}},"53":{"start":{"line":54,"column":0},"end":{"line":54,"column":14}},"55":{"start":{"line":56,"column":0},"end":{"line":56,"column":13}},"56":{"start":{"line":57,"column":0},"end":{"line":57,"column":37}},"57":{"start":{"line":58,"column":0},"end":{"line":58,"column":19}},"58":{"start":{"line":59,"column":0},"end":{"line":59,"column":45}},"59":{"start":{"line":60,"column":0},"end":{"line":60,"column":10}},"60":{"start":{"line":61,"column":0},"end":{"line":61,"column":28}},"61":{"start":{"line":62,"column":0},"end":{"line":62,"column":7}},"63":{"start":{"line":64,"column":0},"end":{"line":64,"column":94}},"64":{"start":{"line":65,"column":0},"end":{"line":65,"column":14}},"66":{"start":{"line":67,"column":0},"end":{"line":67,"column":68}},"68":{"start":{"line":69,"column":0},"end":{"line":69,"column":55}},"69":{"start":{"line":70,"column":0},"end":{"line":70,"column":16}},"70":{"start":{"line":71,"column":0},"end":{"line":71,"column":38}},"71":{"start":{"line":72,"column":0},"end":{"line":72,"column":9}},"72":{"start":{"line":73,"column":0},"end":{"line":73,"column":7}},"73":{"start":{"line":74,"column":0},"end":{"line":74,"column":5}},"74":{"start":{"line":75,"column":0},"end":{"line":75,"column":3}}},"s":{"0":1,"19":1,"20":1,"21":1,"22":1,"23":1,"25":1,"27":1,"28":1,"29":1,"31":1,"32":2,"33":2,"34":2,"35":2,"36":2,"37":2,"38":2,"40":2,"42":2,"43":2,"45":1,"46":1,"47":2,"48":2,"49":1,"51":1,"52":1,"53":1,"55":1,"56":1,"57":1,"58":1,"59":1,"60":1,"61":1,"63":1,"64":1,"66":1,"68":1,"69":1,"70":1,"71":1,"72":1,"73":1,"74":1},"branchMap":{"0":{"type":"branch","line":32,"loc":{"start":{"line":32,"column":14},"end":{"line":44,"column":2}},"locations":[{"start":{"line":32,"column":14},"end":{"line":44,"column":2}}]},"1":{"type":"branch","line":46,"loc":{"start":{"line":46,"column":20},"end":{"line":75,"column":3}},"locations":[{"start":{"line":46,"column":20},"end":{"line":75,"column":3}}]},"2":{"type":"branch","line":47,"loc":{"start":{"line":47,"column":13},"end":{"line":50,"column":3}},"locations":[{"start":{"line":47,"column":13},"end":{"line":50,"column":3}}]},"3":{"type":"branch","line":52,"loc":{"start":{"line":52,"column":22},"end":{"line":74,"column":3}},"locations":[{"start":{"line":52,"column":22},"end":{"line":74,"column":3}}]},"4":{"type":"branch","line":53,"loc":{"start":{"line":53,"column":28},"end":{"line":62,"column":5}},"locations":[{"start":{"line":53,"column":28},"end":{"line":62,"column":5}}]},"5":{"type":"branch","line":64,"loc":{"start":{"line":64,"column":87},"end":{"line":73,"column":5}},"locations":[{"start":{"line":64,"column":87},"end":{"line":73,"column":5}}]}},"b":{"0":[2],"1":[1],"2":[2],"3":[1],"4":[1],"5":[1]},"fnMap":{"0":{"name":"setup","decl":{"start":{"line":32,"column":14},"end":{"line":44,"column":2}},"loc":{"start":{"line":32,"column":14},"end":{"line":44,"column":2}},"line":32}},"f":{"0":2}}
,"/Users/billywatson/Documents/projects/portfolio/engaging/src/components/atoms/Divider/Divider.tsx": {"path":"/Users/billywatson/Documents/projects/portfolio/engaging/src/components/atoms/Divider/Divider.tsx","all":false,"statementMap":{"2":{"start":{"line":3,"column":0},"end":{"line":3,"column":31}},"3":{"start":{"line":4,"column":0},"end":{"line":4,"column":50}},"4":{"start":{"line":5,"column":0},"end":{"line":5,"column":60}},"10":{"start":{"line":11,"column":0},"end":{"line":11,"column":52}},"11":{"start":{"line":12,"column":0},"end":{"line":12,"column":43}},"12":{"start":{"line":13,"column":0},"end":{"line":13,"column":41}},"13":{"start":{"line":14,"column":0},"end":{"line":14,"column":16}},"14":{"start":{"line":15,"column":0},"end":{"line":15,"column":40}},"15":{"start":{"line":16,"column":0},"end":{"line":16,"column":5}},"16":{"start":{"line":17,"column":0},"end":{"line":17,"column":56}},"18":{"start":{"line":19,"column":0},"end":{"line":19,"column":10}},"19":{"start":{"line":20,"column":0},"end":{"line":20,"column":19}},"20":{"start":{"line":21,"column":0},"end":{"line":21,"column":55}},"21":{"start":{"line":22,"column":0},"end":{"line":22,"column":23}},"22":{"start":{"line":23,"column":0},"end":{"line":23,"column":78}},"23":{"start":{"line":24,"column":0},"end":{"line":24,"column":18}},"24":{"start":{"line":25,"column":0},"end":{"line":25,"column":10}},"26":{"start":{"line":27,"column":0},"end":{"line":27,"column":2}}},"s":{"2":1,"3":1,"4":1,"10":1,"11":2,"12":2,"13":2,"14":2,"15":2,"16":2,"18":2,"19":2,"20":2,"21":2,"22":2,"23":2,"24":2,"26":2},"branchMap":{"0":{"type":"branch","line":11,"loc":{"start":{"line":11,"column":16},"end":{"line":27,"column":2}},"locations":[{"start":{"line":11,"column":16},"end":{"line":27,"column":2}}]}},"b":{"0":[2]},"fnMap":{"0":{"name":"Divider","decl":{"start":{"line":11,"column":16},"end":{"line":27,"column":2}},"loc":{"start":{"line":11,"column":16},"end":{"line":27,"column":2}},"line":11}},"f":{"0":2}}
,"/Users/billywatson/Documents/projects/portfolio/engaging/src/components/atoms/Icon/Icon.test.tsx": {"path":"/Users/billywatson/Documents/projects/portfolio/engaging/src/components/atoms/Icon/Icon.test.tsx","all":false,"statementMap":{"0":{"start":{"line":1,"column":0},"end":{"line":1,"column":65}},"2":{"start":{"line":3,"column":0},"end":{"line":3,"column":59}},"4":{"start":{"line":5,"column":0},"end":{"line":5,"column":33}},"5":{"start":{"line":6,"column":0},"end":{"line":6,"column":15}},"6":{"start":{"line":7,"column":0},"end":{"line":7,"column":18}},"7":{"start":{"line":8,"column":0},"end":{"line":8,"column":2}},"9":{"start":{"line":10,"column":0},"end":{"line":10,"column":45}},"10":{"start":{"line":11,"column":0},"end":{"line":11,"column":48}},"12":{"start":{"line":13,"column":0},"end":{"line":13,"column":24}},"13":{"start":{"line":14,"column":0},"end":{"line":14,"column":20}},"14":{"start":{"line":15,"column":0},"end":{"line":15,"column":23}},"15":{"start":{"line":16,"column":0},"end":{"line":16,"column":14}},"16":{"start":{"line":17,"column":0},"end":{"line":17,"column":5}},"18":{"start":{"line":19,"column":0},"end":{"line":19,"column":26}},"19":{"start":{"line":20,"column":0},"end":{"line":20,"column":62}},"20":{"start":{"line":21,"column":0},"end":{"line":21,"column":22}},"22":{"start":{"line":23,"column":0},"end":{"line":23,"column":13}},"23":{"start":{"line":24,"column":0},"end":{"line":24,"column":59}},"24":{"start":{"line":25,"column":0},"end":{"line":25,"column":28}},"25":{"start":{"line":26,"column":0},"end":{"line":26,"column":7}},"26":{"start":{"line":27,"column":0},"end":{"line":27,"column":5}},"27":{"start":{"line":28,"column":0},"end":{"line":28,"column":3}}},"s":{"0":1,"2":1,"4":1,"5":1,"6":1,"7":1,"9":1,"10":9,"12":1,"13":1,"14":9,"15":9,"16":1,"18":1,"19":1,"20":9,"22":9,"23":9,"24":9,"25":1,"26":1,"27":1},"branchMap":{"0":{"type":"branch","line":10,"loc":{"start":{"line":10,"column":14},"end":{"line":11,"column":48}},"locations":[{"start":{"line":10,"column":14},"end":{"line":11,"column":48}}]},"1":{"type":"branch","line":13,"loc":{"start":{"line":13,"column":17},"end":{"line":28,"column":3}},"locations":[{"start":{"line":13,"column":17},"end":{"line":28,"column":3}}]},"2":{"type":"branch","line":14,"loc":{"start":{"line":14,"column":13},"end":{"line":17,"column":3}},"locations":[{"start":{"line":14,"column":13},"end":{"line":17,"column":3}}]},"3":{"type":"branch","line":19,"loc":{"start":{"line":19,"column":19},"end":{"line":27,"column":3}},"locations":[{"start":{"line":19,"column":19},"end":{"line":27,"column":3}}]},"4":{"type":"branch","line":20,"loc":{"start":{"line":20,"column":45},"end":{"line":26,"column":5}},"locations":[{"start":{"line":20,"column":45},"end":{"line":26,"column":5}}]}},"b":{"0":[9],"1":[1],"2":[9],"3":[1],"4":[9]},"fnMap":{"0":{"name":"setup","decl":{"start":{"line":10,"column":14},"end":{"line":11,"column":48}},"loc":{"start":{"line":10,"column":14},"end":{"line":11,"column":48}},"line":10}},"f":{"0":9}}
,"/Users/billywatson/Documents/projects/portfolio/engaging/src/components/atoms/Icon/Icon.tsx": {"path":"/Users/billywatson/Documents/projects/portfolio/engaging/src/components/atoms/Icon/Icon.tsx","all":false,"statementMap":{"0":{"start":{"line":1,"column":0},"end":{"line":1,"column":8}},"13":{"start":{"line":14,"column":0},"end":{"line":14,"column":21}},"14":{"start":{"line":15,"column":0},"end":{"line":15,"column":13}},"15":{"start":{"line":16,"column":0},"end":{"line":16,"column":10}},"16":{"start":{"line":17,"column":0},"end":{"line":17,"column":10}},"17":{"start":{"line":18,"column":0},"end":{"line":18,"column":9}},"18":{"start":{"line":19,"column":0},"end":{"line":19,"column":12}},"19":{"start":{"line":20,"column":0},"end":{"line":20,"column":9}},"20":{"start":{"line":21,"column":0},"end":{"line":21,"column":10}},"21":{"start":{"line":22,"column":0},"end":{"line":22,"column":9}},"22":{"start":{"line":23,"column":0},"end":{"line":23,"column":12}},"23":{"start":{"line":24,"column":0},"end":{"line":24,"column":11}},"33":{"start":{"line":34,"column":0},"end":{"line":34,"column":22}},"36":{"start":{"line":37,"column":0},"end":{"line":37,"column":5}},"37":{"start":{"line":38,"column":0},"end":{"line":38,"column":29}},"38":{"start":{"line":39,"column":0},"end":{"line":39,"column":22}},"39":{"start":{"line":40,"column":0},"end":{"line":40,"column":17}},"40":{"start":{"line":41,"column":0},"end":{"line":41,"column":31}},"41":{"start":{"line":42,"column":0},"end":{"line":42,"column":30}},"42":{"start":{"line":43,"column":0},"end":{"line":43,"column":25}},"43":{"start":{"line":44,"column":0},"end":{"line":44,"column":23}},"44":{"start":{"line":45,"column":0},"end":{"line":45,"column":17}},"45":{"start":{"line":46,"column":0},"end":{"line":46,"column":24}},"46":{"start":{"line":47,"column":0},"end":{"line":47,"column":2}},"48":{"start":{"line":49,"column":0},"end":{"line":49,"column":63}},"49":{"start":{"line":50,"column":0},"end":{"line":50,"column":34}},"51":{"start":{"line":52,"column":0},"end":{"line":52,"column":10}},"52":{"start":{"line":53,"column":0},"end":{"line":53,"column":14}},"53":{"start":{"line":54,"column":0},"end":{"line":54,"column":27}},"54":{"start":{"line":55,"column":0},"end":{"line":55,"column":28}},"55":{"start":{"line":56,"column":0},"end":{"line":56,"column":23}},"56":{"start":{"line":57,"column":0},"end":{"line":57,"column":28}},"57":{"start":{"line":58,"column":0},"end":{"line":58,"column":6}},"59":{"start":{"line":60,"column":0},"end":{"line":60,"column":2}}},"s":{"0":1,"13":1,"14":1,"15":1,"16":1,"17":1,"18":1,"19":1,"20":1,"21":1,"22":1,"23":1,"33":1,"36":1,"37":1,"38":1,"39":1,"40":1,"41":1,"42":1,"43":1,"44":1,"45":1,"46":1,"48":1,"49":9,"51":9,"52":9,"53":9,"54":9,"55":9,"56":9,"57":9,"59":9},"branchMap":{"0":{"type":"branch","line":49,"loc":{"start":{"line":49,"column":13},"end":{"line":60,"column":2}},"locations":[{"start":{"line":49,"column":13},"end":{"line":60,"column":2}}]}},"b":{"0":[9]},"fnMap":{"0":{"name":"Icon","decl":{"start":{"line":49,"column":13},"end":{"line":60,"column":2}},"loc":{"start":{"line":49,"column":13},"end":{"line":60,"column":2}},"line":49}},"f":{"0":9}}
,"/Users/billywatson/Documents/projects/portfolio/engaging/src/components/atoms/Intro/Intro.test.tsx": {"path":"/Users/billywatson/Documents/projects/portfolio/engaging/src/components/atoms/Intro/Intro.test.tsx","all":false,"statementMap":{"0":{"start":{"line":1,"column":0},"end":{"line":1,"column":65}},"2":{"start":{"line":3,"column":0},"end":{"line":3,"column":45}},"4":{"start":{"line":5,"column":0},"end":{"line":5,"column":40}},"6":{"start":{"line":7,"column":0},"end":{"line":7,"column":45}},"7":{"start":{"line":8,"column":0},"end":{"line":8,"column":40}},"9":{"start":{"line":10,"column":0},"end":{"line":10,"column":30}},"10":{"start":{"line":11,"column":0},"end":{"line":11,"column":22}},"11":{"start":{"line":12,"column":0},"end":{"line":12,"column":2}},"13":{"start":{"line":14,"column":0},"end":{"line":14,"column":42}},"14":{"start":{"line":15,"column":0},"end":{"line":15,"column":49}},"16":{"start":{"line":17,"column":0},"end":{"line":17,"column":25}},"17":{"start":{"line":18,"column":0},"end":{"line":18,"column":20}},"18":{"start":{"line":19,"column":0},"end":{"line":19,"column":23}},"19":{"start":{"line":20,"column":0},"end":{"line":20,"column":23}},"20":{"start":{"line":21,"column":0},"end":{"line":21,"column":32}},"21":{"start":{"line":22,"column":0},"end":{"line":22,"column":14}},"22":{"start":{"line":23,"column":0},"end":{"line":23,"column":5}},"24":{"start":{"line":25,"column":0},"end":{"line":25,"column":19}},"25":{"start":{"line":26,"column":0},"end":{"line":26,"column":23}},"26":{"start":{"line":27,"column":0},"end":{"line":27,"column":5}},"28":{"start":{"line":29,"column":0},"end":{"line":29,"column":27}},"29":{"start":{"line":30,"column":0},"end":{"line":30,"column":37}},"30":{"start":{"line":31,"column":0},"end":{"line":31,"column":14}},"32":{"start":{"line":33,"column":0},"end":{"line":33,"column":65}},"33":{"start":{"line":34,"column":0},"end":{"line":34,"column":7}},"35":{"start":{"line":36,"column":0},"end":{"line":36,"column":52}},"36":{"start":{"line":37,"column":0},"end":{"line":37,"column":13}},"37":{"start":{"line":38,"column":0},"end":{"line":38,"column":28}},"38":{"start":{"line":39,"column":0},"end":{"line":39,"column":9}},"40":{"start":{"line":41,"column":0},"end":{"line":41,"column":13}},"41":{"start":{"line":42,"column":0},"end":{"line":42,"column":54}},"42":{"start":{"line":43,"column":0},"end":{"line":43,"column":28}},"43":{"start":{"line":44,"column":0},"end":{"line":44,"column":7}},"44":{"start":{"line":45,"column":0},"end":{"line":45,"column":5}},"45":{"start":{"line":46,"column":0},"end":{"line":46,"column":3}}},"s":{"0":1,"2":1,"4":1,"6":1,"7":1,"9":1,"10":1,"11":1,"13":1,"14":2,"16":1,"17":1,"18":2,"19":2,"20":2,"21":2,"22":1,"24":1,"25":2,"26":1,"28":1,"29":1,"30":1,"32":1,"33":1,"35":1,"36":1,"37":1,"38":1,"40":1,"41":1,"42":1,"43":1,"44":1,"45":1},"branchMap":{"0":{"type":"branch","line":14,"loc":{"start":{"line":14,"column":14},"end":{"line":15,"column":49}},"locations":[{"start":{"line":14,"column":14},"end":{"line":15,"column":49}}]},"1":{"type":"branch","line":17,"loc":{"start":{"line":17,"column":18},"end":{"line":46,"column":3}},"locations":[{"start":{"line":17,"column":18},"end":{"line":46,"column":3}}]},"2":{"type":"branch","line":18,"loc":{"start":{"line":18,"column":13},"end":{"line":23,"column":3}},"locations":[{"start":{"line":18,"column":13},"end":{"line":23,"column":3}}]},"3":{"type":"branch","line":25,"loc":{"start":{"line":25,"column":12},"end":{"line":27,"column":3}},"locations":[{"start":{"line":25,"column":12},"end":{"line":27,"column":3}}]},"4":{"type":"branch","line":29,"loc":{"start":{"line":29,"column":20},"end":{"line":45,"column":3}},"locations":[{"start":{"line":29,"column":20},"end":{"line":45,"column":3}}]},"5":{"type":"branch","line":30,"loc":{"start":{"line":30,"column":30},"end":{"line":34,"column":5}},"locations":[{"start":{"line":30,"column":30},"end":{"line":34,"column":5}}]},"6":{"type":"branch","line":36,"loc":{"start":{"line":36,"column":45},"end":{"line":44,"column":5}},"locations":[{"start":{"line":36,"column":45},"end":{"line":44,"column":5}}]}},"b":{"0":[2],"1":[1],"2":[2],"3":[2],"4":[1],"5":[1],"6":[1]},"fnMap":{"0":{"name":"setup","decl":{"start":{"line":14,"column":14},"end":{"line":15,"column":49}},"loc":{"start":{"line":14,"column":14},"end":{"line":15,"column":49}},"line":14}},"f":{"0":2}}
,"/Users/billywatson/Documents/projects/portfolio/engaging/src/components/atoms/Intro/Intro.tsx": {"path":"/Users/billywatson/Documents/projects/portfolio/engaging/src/components/atoms/Intro/Intro.tsx","all":false,"statementMap":{"2":{"start":{"line":3,"column":0},"end":{"line":3,"column":26}},"3":{"start":{"line":4,"column":0},"end":{"line":4,"column":43}},"9":{"start":{"line":10,"column":0},"end":{"line":10,"column":38}},"10":{"start":{"line":11,"column":0},"end":{"line":11,"column":74}},"11":{"start":{"line":12,"column":0},"end":{"line":12,"column":76}},"13":{"start":{"line":14,"column":0},"end":{"line":14,"column":57}},"14":{"start":{"line":15,"column":0},"end":{"line":15,"column":2}}},"s":{"2":1,"3":1,"9":1,"10":2,"11":2,"13":2,"14":2},"branchMap":{"0":{"type":"branch","line":10,"loc":{"start":{"line":10,"column":14},"end":{"line":15,"column":2}},"locations":[{"start":{"line":10,"column":14},"end":{"line":15,"column":2}}]}},"b":{"0":[2]},"fnMap":{"0":{"name":"Intro","decl":{"start":{"line":10,"column":14},"end":{"line":15,"column":2}},"loc":{"start":{"line":10,"column":14},"end":{"line":15,"column":2}},"line":10}},"f":{"0":2}}
,"/Users/billywatson/Documents/projects/portfolio/engaging/src/components/atoms/Link/Link.test.tsx": {"path":"/Users/billywatson/Documents/projects/portfolio/engaging/src/components/atoms/Link/Link.test.tsx","all":false,"statementMap":{"0":{"start":{"line":1,"column":0},"end":{"line":1,"column":65}},"12":{"start":{"line":13,"column":0},"end":{"line":13,"column":39}},"13":{"start":{"line":14,"column":0},"end":{"line":14,"column":41}},"15":{"start":{"line":16,"column":0},"end":{"line":16,"column":33}},"16":{"start":{"line":17,"column":0},"end":{"line":17,"column":17}},"17":{"start":{"line":18,"column":0},"end":{"line":18,"column":2}},"19":{"start":{"line":20,"column":0},"end":{"line":20,"column":45}},"20":{"start":{"line":21,"column":0},"end":{"line":21,"column":48}},"22":{"start":{"line":23,"column":0},"end":{"line":23,"column":24}},"23":{"start":{"line":24,"column":0},"end":{"line":24,"column":20}},"24":{"start":{"line":25,"column":0},"end":{"line":25,"column":23}},"25":{"start":{"line":26,"column":0},"end":{"line":26,"column":14}},"26":{"start":{"line":27,"column":0},"end":{"line":27,"column":5}},"28":{"start":{"line":29,"column":0},"end":{"line":29,"column":26}},"29":{"start":{"line":30,"column":0},"end":{"line":30,"column":35}},"30":{"start":{"line":31,"column":0},"end":{"line":31,"column":14}},"32":{"start":{"line":33,"column":0},"end":{"line":33,"column":75}},"33":{"start":{"line":34,"column":0},"end":{"line":34,"column":7}},"35":{"start":{"line":36,"column":0},"end":{"line":36,"column":43}},"36":{"start":{"line":37,"column":0},"end":{"line":37,"column":14}},"38":{"start":{"line":39,"column":0},"end":{"line":39,"column":43}},"39":{"start":{"line":40,"column":0},"end":{"line":40,"column":10}},"40":{"start":{"line":41,"column":0},"end":{"line":41,"column":42}},"41":{"start":{"line":42,"column":0},"end":{"line":42,"column":10}},"42":{"start":{"line":43,"column":0},"end":{"line":43,"column":8}},"43":{"start":{"line":44,"column":0},"end":{"line":44,"column":7}},"45":{"start":{"line":46,"column":0},"end":{"line":46,"column":30}},"46":{"start":{"line":47,"column":0},"end":{"line":47,"column":46}},"47":{"start":{"line":48,"column":0},"end":{"line":48,"column":16}},"49":{"start":{"line":50,"column":0},"end":{"line":50,"column":73}},"50":{"start":{"line":51,"column":0},"end":{"line":51,"column":9}},"52":{"start":{"line":53,"column":0},"end":{"line":53,"column":41}},"53":{"start":{"line":54,"column":0},"end":{"line":54,"column":36}},"54":{"start":{"line":55,"column":0},"end":{"line":55,"column":18}},"56":{"start":{"line":57,"column":0},"end":{"line":57,"column":62}},"57":{"start":{"line":58,"column":0},"end":{"line":58,"column":11}},"59":{"start":{"line":60,"column":0},"end":{"line":60,"column":64}},"60":{"start":{"line":61,"column":0},"end":{"line":61,"column":18}},"62":{"start":{"line":63,"column":0},"end":{"line":63,"column":17}},"63":{"start":{"line":64,"column":0},"end":{"line":64,"column":61}},"64":{"start":{"line":65,"column":0},"end":{"line":65,"column":34}},"65":{"start":{"line":66,"column":0},"end":{"line":66,"column":11}},"67":{"start":{"line":68,"column":0},"end":{"line":68,"column":58}},"68":{"start":{"line":69,"column":0},"end":{"line":69,"column":17}},"69":{"start":{"line":70,"column":0},"end":{"line":70,"column":40}},"70":{"start":{"line":71,"column":0},"end":{"line":71,"column":13}},"72":{"start":{"line":73,"column":0},"end":{"line":73,"column":78}},"73":{"start":{"line":74,"column":0},"end":{"line":74,"column":34}},"74":{"start":{"line":75,"column":0},"end":{"line":75,"column":12}},"75":{"start":{"line":76,"column":0},"end":{"line":76,"column":11}},"76":{"start":{"line":77,"column":0},"end":{"line":77,"column":9}},"78":{"start":{"line":79,"column":0},"end":{"line":79,"column":67}},"79":{"start":{"line":80,"column":0},"end":{"line":80,"column":43}},"80":{"start":{"line":81,"column":0},"end":{"line":81,"column":17}},"81":{"start":{"line":82,"column":0},"end":{"line":82,"column":41}},"82":{"start":{"line":83,"column":0},"end":{"line":83,"column":13}},"84":{"start":{"line":85,"column":0},"end":{"line":85,"column":66}},"85":{"start":{"line":86,"column":0},"end":{"line":86,"column":11}},"87":{"start":{"line":88,"column":0},"end":{"line":88,"column":45}},"88":{"start":{"line":89,"column":0},"end":{"line":89,"column":17}},"89":{"start":{"line":90,"column":0},"end":{"line":90,"column":41}},"90":{"start":{"line":91,"column":0},"end":{"line":91,"column":13}},"92":{"start":{"line":93,"column":0},"end":{"line":93,"column":75}},"93":{"start":{"line":94,"column":0},"end":{"line":94,"column":11}},"94":{"start":{"line":95,"column":0},"end":{"line":95,"column":9}},"95":{"start":{"line":96,"column":0},"end":{"line":96,"column":7}},"96":{"start":{"line":97,"column":0},"end":{"line":97,"column":5}},"97":{"start":{"line":98,"column":0},"end":{"line":98,"column":3}},"99":{"start":{"line":100,"column":0},"end":{"line":100,"column":32}},"100":{"start":{"line":101,"column":0},"end":{"line":101,"column":40}},"101":{"start":{"line":102,"column":0},"end":{"line":102,"column":29}},"103":{"start":{"line":104,"column":0},"end":{"line":104,"column":29}},"105":{"start":{"line":106,"column":0},"end":{"line":106,"column":79}},"106":{"start":{"line":107,"column":0},"end":{"line":107,"column":20}},"107":{"start":{"line":108,"column":0},"end":{"line":108,"column":6}},"108":{"start":{"line":109,"column":0},"end":{"line":109,"column":5}},"109":{"start":{"line":110,"column":0},"end":{"line":110,"column":3}}},"s":{"0":1,"12":1,"13":1,"15":1,"16":1,"17":1,"19":1,"20":8,"22":1,"23":1,"24":8,"25":8,"26":1,"28":1,"29":1,"30":1,"32":1,"33":1,"35":1,"36":1,"38":1,"39":1,"40":1,"41":1,"42":1,"43":1,"45":1,"46":1,"47":1,"49":1,"50":1,"52":1,"53":1,"54":1,"56":1,"57":1,"59":1,"60":1,"62":1,"63":1,"64":1,"65":1,"67":1,"68":1,"69":1,"70":1,"72":1,"73":1,"74":1,"75":1,"76":1,"78":1,"79":1,"80":1,"81":1,"82":1,"84":1,"85":1,"87":1,"88":1,"89":1,"90":1,"92":1,"93":1,"94":1,"95":1,"96":1,"97":1,"99":1,"100":1,"101":1,"103":1,"105":1,"106":1,"107":1,"108":1,"109":1},"branchMap":{"0":{"type":"branch","line":20,"loc":{"start":{"line":20,"column":14},"end":{"line":21,"column":48}},"locations":[{"start":{"line":20,"column":14},"end":{"line":21,"column":48}}]},"1":{"type":"branch","line":23,"loc":{"start":{"line":23,"column":17},"end":{"line":98,"column":3}},"locations":[{"start":{"line":23,"column":17},"end":{"line":98,"column":3}}]},"2":{"type":"branch","line":24,"loc":{"start":{"line":24,"column":13},"end":{"line":27,"column":3}},"locations":[{"start":{"line":24,"column":13},"end":{"line":27,"column":3}}]},"3":{"type":"branch","line":29,"loc":{"start":{"line":29,"column":19},"end":{"line":97,"column":3}},"locations":[{"start":{"line":29,"column":19},"end":{"line":97,"column":3}}]},"4":{"type":"branch","line":30,"loc":{"start":{"line":30,"column":28},"end":{"line":34,"column":5}},"locations":[{"start":{"line":30,"column":28},"end":{"line":34,"column":5}}]},"5":{"type":"branch","line":36,"loc":{"start":{"line":36,"column":36},"end":{"line":44,"column":5}},"locations":[{"start":{"line":36,"column":36},"end":{"line":44,"column":5}}]},"6":{"type":"branch","line":46,"loc":{"start":{"line":46,"column":23},"end":{"line":96,"column":5}},"locations":[{"start":{"line":46,"column":23},"end":{"line":96,"column":5}}]},"7":{"type":"branch","line":47,"loc":{"start":{"line":47,"column":39},"end":{"line":51,"column":7}},"locations":[{"start":{"line":47,"column":39},"end":{"line":51,"column":7}}]},"8":{"type":"branch","line":53,"loc":{"start":{"line":53,"column":34},"end":{"line":77,"column":7}},"locations":[{"start":{"line":53,"column":34},"end":{"line":77,"column":7}}]},"9":{"type":"branch","line":54,"loc":{"start":{"line":54,"column":29},"end":{"line":58,"column":9}},"locations":[{"start":{"line":54,"column":29},"end":{"line":58,"column":9}}]},"10":{"type":"branch","line":60,"loc":{"start":{"line":60,"column":57},"end":{"line":66,"column":9}},"locations":[{"start":{"line":60,"column":57},"end":{"line":66,"column":9}}]},"11":{"type":"branch","line":68,"loc":{"start":{"line":68,"column":51},"end":{"line":76,"column":9}},"locations":[{"start":{"line":68,"column":51},"end":{"line":76,"column":9}}]},"12":{"type":"branch","line":79,"loc":{"start":{"line":79,"column":60},"end":{"line":95,"column":7}},"locations":[{"start":{"line":79,"column":60},"end":{"line":95,"column":7}}]},"13":{"type":"branch","line":80,"loc":{"start":{"line":80,"column":36},"end":{"line":86,"column":9}},"locations":[{"start":{"line":80,"column":36},"end":{"line":86,"column":9}}]},"14":{"type":"branch","line":88,"loc":{"start":{"line":88,"column":38},"end":{"line":94,"column":9}},"locations":[{"start":{"line":88,"column":38},"end":{"line":94,"column":9}}]},"15":{"type":"branch","line":100,"loc":{"start":{"line":100,"column":25},"end":{"line":110,"column":3}},"locations":[{"start":{"line":100,"column":25},"end":{"line":110,"column":3}}]},"16":{"type":"branch","line":101,"loc":{"start":{"line":101,"column":33},"end":{"line":109,"column":3}},"locations":[{"start":{"line":101,"column":33},"end":{"line":109,"column":3}}]}},"b":{"0":[8],"1":[1],"2":[8],"3":[1],"4":[1],"5":[1],"6":[1],"7":[1],"8":[1],"9":[1],"10":[1],"11":[1],"12":[1],"13":[1],"14":[1],"15":[1],"16":[1]},"fnMap":{"0":{"name":"setup","decl":{"start":{"line":20,"column":14},"end":{"line":21,"column":48}},"loc":{"start":{"line":20,"column":14},"end":{"line":21,"column":48}},"line":20}},"f":{"0":8}}
,"/Users/billywatson/Documents/projects/portfolio/engaging/src/components/atoms/Link/Link.tsx": {"path":"/Users/billywatson/Documents/projects/portfolio/engaging/src/components/atoms/Link/Link.tsx","all":false,"statementMap":{"1":{"start":{"line":2,"column":0},"end":{"line":2,"column":33}},"3":{"start":{"line":4,"column":0},"end":{"line":4,"column":64}},"4":{"start":{"line":5,"column":0},"end":{"line":5,"column":78}},"27":{"start":{"line":28,"column":0},"end":{"line":28,"column":28}},"28":{"start":{"line":29,"column":0},"end":{"line":29,"column":38}},"29":{"start":{"line":30,"column":0},"end":{"line":30,"column":48}},"30":{"start":{"line":31,"column":0},"end":{"line":31,"column":44}},"31":{"start":{"line":32,"column":0},"end":{"line":32,"column":8}},"34":{"start":{"line":35,"column":0},"end":{"line":35,"column":43}},"35":{"start":{"line":36,"column":0},"end":{"line":36,"column":4}},"36":{"start":{"line":37,"column":0},"end":{"line":37,"column":52}},"37":{"start":{"line":38,"column":0},"end":{"line":38,"column":23}},"38":{"start":{"line":39,"column":0},"end":{"line":39,"column":5}},"41":{"start":{"line":42,"column":0},"end":{"line":42,"column":35}},"42":{"start":{"line":43,"column":0},"end":{"line":43,"column":39}},"44":{"start":{"line":45,"column":0},"end":{"line":45,"column":41}},"46":{"start":{"line":47,"column":0},"end":{"line":47,"column":18}},"47":{"start":{"line":48,"column":0},"end":{"line":48,"column":78}},"49":{"start":{"line":50,"column":0},"end":{"line":50,"column":60}},"51":{"start":{"line":52,"column":0},"end":{"line":52,"column":78}},"53":{"start":{"line":54,"column":0},"end":{"line":54,"column":31}},"54":{"start":{"line":55,"column":0},"end":{"line":55,"column":17}},"55":{"start":{"line":56,"column":0},"end":{"line":56,"column":54}},"56":{"start":{"line":57,"column":0},"end":{"line":57,"column":27}},"57":{"start":{"line":58,"column":0},"end":{"line":58,"column":4}},"59":{"start":{"line":60,"column":0},"end":{"line":60,"column":30}},"60":{"start":{"line":61,"column":0},"end":{"line":61,"column":9}},"61":{"start":{"line":62,"column":0},"end":{"line":62,"column":9}},"62":{"start":{"line":63,"column":0},"end":{"line":63,"column":4}},"64":{"start":{"line":65,"column":0},"end":{"line":65,"column":20}},"65":{"start":{"line":66,"column":0},"end":{"line":66,"column":30}},"66":{"start":{"line":67,"column":0},"end":{"line":67,"column":31}},"67":{"start":{"line":68,"column":0},"end":{"line":68,"column":15}},"69":{"start":{"line":70,"column":0},"end":{"line":70,"column":23}},"70":{"start":{"line":71,"column":0},"end":{"line":71,"column":31}},"71":{"start":{"line":72,"column":0},"end":{"line":72,"column":8}},"73":{"start":{"line":74,"column":0},"end":{"line":74,"column":2}}},"s":{"1":1,"3":1,"4":1,"27":1,"28":3,"29":3,"30":3,"31":3,"34":1,"35":8,"36":8,"37":8,"38":8,"41":1,"42":8,"44":8,"46":8,"47":8,"49":8,"51":8,"53":8,"54":8,"55":8,"56":8,"57":8,"59":8,"60":8,"61":8,"62":8,"64":8,"65":0,"66":0,"67":0,"69":8,"70":8,"71":8,"73":8},"branchMap":{"0":{"type":"branch","line":28,"loc":{"start":{"line":28,"column":21},"end":{"line":32,"column":8}},"locations":[{"start":{"line":28,"column":21},"end":{"line":32,"column":8}}]},"1":{"type":"branch","line":35,"loc":{"start":{"line":35,"column":14},"end":{"line":39,"column":5}},"locations":[{"start":{"line":35,"column":14},"end":{"line":39,"column":5}}]},"2":{"type":"branch","line":42,"loc":{"start":{"line":42,"column":13},"end":{"line":74,"column":2}},"locations":[{"start":{"line":42,"column":13},"end":{"line":74,"column":2}}]},"3":{"type":"branch","line":48,"loc":{"start":{"line":48,"column":28},"end":{"line":48,"column":64}},"locations":[{"start":{"line":48,"column":28},"end":{"line":48,"column":64}}]},"4":{"type":"branch","line":48,"loc":{"start":{"line":48,"column":60},"end":{"line":48,"column":71}},"locations":[{"start":{"line":48,"column":60},"end":{"line":48,"column":71}}]},"5":{"type":"branch","line":48,"loc":{"start":{"line":48,"column":64},"end":{"line":48,"column":78}},"locations":[{"start":{"line":48,"column":64},"end":{"line":48,"column":78}}]},"6":{"type":"branch","line":50,"loc":{"start":{"line":50,"column":15},"end":{"line":50,"column":60}},"locations":[{"start":{"line":50,"column":15},"end":{"line":50,"column":60}}]},"7":{"type":"branch","line":52,"loc":{"start":{"line":52,"column":37},"end":{"line":52,"column":78}},"locations":[{"start":{"line":52,"column":37},"end":{"line":52,"column":78}}]},"8":{"type":"branch","line":56,"loc":{"start":{"line":56,"column":27},"end":{"line":56,"column":49}},"locations":[{"start":{"line":56,"column":27},"end":{"line":56,"column":49}}]},"9":{"type":"branch","line":56,"loc":{"start":{"line":56,"column":40},"end":{"line":56,"column":51}},"locations":[{"start":{"line":56,"column":40},"end":{"line":56,"column":51}}]},"10":{"type":"branch","line":65,"loc":{"start":{"line":65,"column":9},"end":{"line":68,"column":15}},"locations":[{"start":{"line":65,"column":9},"end":{"line":68,"column":15}}]}},"b":{"0":[3],"1":[8],"2":[8],"3":[6],"4":[2],"5":[6],"6":[0],"7":[6],"8":[6],"9":[2],"10":[0]},"fnMap":{"0":{"name":"LinkSkeleton","decl":{"start":{"line":28,"column":21},"end":{"line":32,"column":8}},"loc":{"start":{"line":28,"column":21},"end":{"line":32,"column":8}},"line":28},"1":{"name":"Inner","decl":{"start":{"line":35,"column":14},"end":{"line":39,"column":5}},"loc":{"start":{"line":35,"column":14},"end":{"line":39,"column":5}},"line":35},"2":{"name":"Link","decl":{"start":{"line":42,"column":13},"end":{"line":74,"column":2}},"loc":{"start":{"line":42,"column":13},"end":{"line":74,"column":2}},"line":42}},"f":{"0":3,"1":8,"2":8}}
,"/Users/billywatson/Documents/projects/portfolio/engaging/src/components/atoms/Logo/Logo.test.tsx": {"path":"/Users/billywatson/Documents/projects/portfolio/engaging/src/components/atoms/Logo/Logo.test.tsx","all":false,"statementMap":{"0":{"start":{"line":1,"column":0},"end":{"line":1,"column":65}},"2":{"start":{"line":3,"column":0},"end":{"line":3,"column":47}},"4":{"start":{"line":5,"column":0},"end":{"line":5,"column":40}},"6":{"start":{"line":7,"column":0},"end":{"line":7,"column":59}},"8":{"start":{"line":9,"column":0},"end":{"line":9,"column":29}},"9":{"start":{"line":10,"column":0},"end":{"line":10,"column":22}},"10":{"start":{"line":11,"column":0},"end":{"line":11,"column":21}},"11":{"start":{"line":12,"column":0},"end":{"line":12,"column":2}},"13":{"start":{"line":14,"column":0},"end":{"line":14,"column":41}},"14":{"start":{"line":15,"column":0},"end":{"line":15,"column":48}},"16":{"start":{"line":17,"column":0},"end":{"line":17,"column":24}},"17":{"start":{"line":18,"column":0},"end":{"line":18,"column":20}},"18":{"start":{"line":19,"column":0},"end":{"line":19,"column":23}},"19":{"start":{"line":20,"column":0},"end":{"line":20,"column":14}},"20":{"start":{"line":21,"column":0},"end":{"line":21,"column":5}},"22":{"start":{"line":23,"column":0},"end":{"line":23,"column":43}},"23":{"start":{"line":24,"column":0},"end":{"line":24,"column":12}},"25":{"start":{"line":26,"column":0},"end":{"line":26,"column":67}},"26":{"start":{"line":27,"column":0},"end":{"line":27,"column":12}},"27":{"start":{"line":28,"column":0},"end":{"line":28,"column":74}},"28":{"start":{"line":29,"column":0},"end":{"line":29,"column":6}},"29":{"start":{"line":30,"column":0},"end":{"line":30,"column":5}},"31":{"start":{"line":32,"column":0},"end":{"line":32,"column":42}},"32":{"start":{"line":33,"column":0},"end":{"line":33,"column":12}},"34":{"start":{"line":35,"column":0},"end":{"line":35,"column":70}},"35":{"start":{"line":36,"column":0},"end":{"line":36,"column":14}},"36":{"start":{"line":37,"column":0},"end":{"line":37,"column":54}},"37":{"start":{"line":38,"column":0},"end":{"line":38,"column":6}},"38":{"start":{"line":39,"column":0},"end":{"line":39,"column":5}},"39":{"start":{"line":40,"column":0},"end":{"line":40,"column":3}}},"s":{"0":1,"2":1,"4":1,"6":1,"8":1,"9":1,"10":1,"11":1,"13":1,"14":2,"16":1,"17":1,"18":2,"19":2,"20":1,"22":1,"23":1,"25":1,"26":1,"27":1,"28":1,"29":1,"31":1,"32":1,"34":1,"35":1,"36":1,"37":1,"38":1,"39":1},"branchMap":{"0":{"type":"branch","line":14,"loc":{"start":{"line":14,"column":14},"end":{"line":15,"column":48}},"locations":[{"start":{"line":14,"column":14},"end":{"line":15,"column":48}}]},"1":{"type":"branch","line":17,"loc":{"start":{"line":17,"column":17},"end":{"line":40,"column":3}},"locations":[{"start":{"line":17,"column":17},"end":{"line":40,"column":3}}]},"2":{"type":"branch","line":18,"loc":{"start":{"line":18,"column":13},"end":{"line":21,"column":3}},"locations":[{"start":{"line":18,"column":13},"end":{"line":21,"column":3}}]},"3":{"type":"branch","line":23,"loc":{"start":{"line":23,"column":36},"end":{"line":30,"column":3}},"locations":[{"start":{"line":23,"column":36},"end":{"line":30,"column":3}}]},"4":{"type":"branch","line":32,"loc":{"start":{"line":32,"column":35},"end":{"line":39,"column":3}},"locations":[{"start":{"line":32,"column":35},"end":{"line":39,"column":3}}]}},"b":{"0":[2],"1":[1],"2":[2],"3":[1],"4":[1]},"fnMap":{"0":{"name":"setup","decl":{"start":{"line":14,"column":14},"end":{"line":15,"column":48}},"loc":{"start":{"line":14,"column":14},"end":{"line":15,"column":48}},"line":14}},"f":{"0":2}}
,"/Users/billywatson/Documents/projects/portfolio/engaging/src/components/atoms/Logo/Logo.tsx": {"path":"/Users/billywatson/Documents/projects/portfolio/engaging/src/components/atoms/Logo/Logo.tsx","all":false,"statementMap":{"0":{"start":{"line":1,"column":0},"end":{"line":1,"column":60}},"7":{"start":{"line":8,"column":0},"end":{"line":8,"column":32}},"9":{"start":{"line":10,"column":0},"end":{"line":10,"column":70}},"10":{"start":{"line":11,"column":0},"end":{"line":11,"column":40}},"11":{"start":{"line":12,"column":0},"end":{"line":12,"column":34}},"12":{"start":{"line":13,"column":0},"end":{"line":13,"column":8}},"13":{"start":{"line":14,"column":0},"end":{"line":14,"column":15}},"14":{"start":{"line":15,"column":0},"end":{"line":15,"column":16}},"15":{"start":{"line":16,"column":0},"end":{"line":16,"column":19}},"16":{"start":{"line":17,"column":0},"end":{"line":17,"column":4}},"17":{"start":{"line":18,"column":0},"end":{"line":18,"column":9}},"18":{"start":{"line":19,"column":0},"end":{"line":19,"column":28}},"19":{"start":{"line":20,"column":0},"end":{"line":20,"column":75}},"20":{"start":{"line":21,"column":0},"end":{"line":21,"column":9}},"21":{"start":{"line":22,"column":0},"end":{"line":22,"column":44}},"22":{"start":{"line":23,"column":0},"end":{"line":23,"column":76}},"24":{"start":{"line":25,"column":0},"end":{"line":25,"column":10}},"25":{"start":{"line":26,"column":0},"end":{"line":26,"column":6}},"26":{"start":{"line":27,"column":0},"end":{"line":27,"column":39}},"27":{"start":{"line":28,"column":0},"end":{"line":28,"column":47}},"28":{"start":{"line":29,"column":0},"end":{"line":29,"column":71}},"29":{"start":{"line":30,"column":0},"end":{"line":30,"column":69}},"30":{"start":{"line":31,"column":0},"end":{"line":31,"column":58}},"31":{"start":{"line":32,"column":0},"end":{"line":32,"column":16}},"32":{"start":{"line":33,"column":0},"end":{"line":33,"column":10}},"33":{"start":{"line":34,"column":0},"end":{"line":34,"column":30}},"34":{"start":{"line":35,"column":0},"end":{"line":35,"column":71}},"35":{"start":{"line":36,"column":0},"end":{"line":36,"column":21}},"36":{"start":{"line":37,"column":0},"end":{"line":37,"column":33}},"38":{"start":{"line":39,"column":0},"end":{"line":39,"column":39}},"39":{"start":{"line":40,"column":0},"end":{"line":40,"column":12}},"40":{"start":{"line":41,"column":0},"end":{"line":41,"column":7}},"42":{"start":{"line":43,"column":0},"end":{"line":43,"column":2}}},"s":{"0":1,"7":1,"9":1,"10":2,"11":2,"12":2,"13":2,"14":2,"15":2,"16":2,"17":2,"18":2,"19":2,"20":2,"21":2,"22":2,"24":2,"25":2,"26":2,"27":2,"28":2,"29":2,"30":2,"31":2,"32":2,"33":2,"34":2,"35":2,"36":2,"38":2,"39":2,"40":2,"42":2},"branchMap":{"0":{"type":"branch","line":10,"loc":{"start":{"line":10,"column":13},"end":{"line":43,"column":2}},"locations":[{"start":{"line":10,"column":13},"end":{"line":43,"column":2}}]}},"b":{"0":[2]},"fnMap":{"0":{"name":"Logo","decl":{"start":{"line":10,"column":13},"end":{"line":43,"column":2}},"loc":{"start":{"line":10,"column":13},"end":{"line":43,"column":2}},"line":10}},"f":{"0":2}}
[...]
,"/Users/billywatson/Documents/projects/portfolio/engaging/src/tests/unit/app/cv/loading.test.tsx": {"path":"/Users/billywatson/Documents/projects/portfolio/engaging/src/tests/unit/app/cv/loading.test.tsx","all":false,"statementMap":{"0":{"start":{"line":1,"column":0},"end":{"line":1,"column":65}},"43":{"start":{"line":44,"column":0},"end":{"line":44,"column":44}},"45":{"start":{"line":46,"column":0},"end":{"line":46,"column":31}},"46":{"start":{"line":47,"column":0},"end":{"line":47,"column":20}},"47":{"start":{"line":48,"column":0},"end":{"line":48,"column":23}},"48":{"start":{"line":49,"column":0},"end":{"line":49,"column":14}},"49":{"start":{"line":50,"column":0},"end":{"line":50,"column":5}},"51":{"start":{"line":52,"column":0},"end":{"line":52,"column":30}},"52":{"start":{"line":53,"column":0},"end":{"line":53,"column":12}},"54":{"start":{"line":55,"column":0},"end":{"line":55,"column":57}},"55":{"start":{"line":56,"column":0},"end":{"line":56,"column":5}},"57":{"start":{"line":58,"column":0},"end":{"line":58,"column":50}},"58":{"start":{"line":59,"column":0},"end":{"line":59,"column":12}},"60":{"start":{"line":61,"column":0},"end":{"line":61,"column":52}},"61":{"start":{"line":62,"column":0},"end":{"line":62,"column":5}},"63":{"start":{"line":64,"column":0},"end":{"line":64,"column":32}},"64":{"start":{"line":65,"column":0},"end":{"line":65,"column":12}},"66":{"start":{"line":67,"column":0},"end":{"line":67,"column":46}},"68":{"start":{"line":69,"column":0},"end":{"line":69,"column":52}},"69":{"start":{"line":70,"column":0},"end":{"line":70,"column":46}},"70":{"start":{"line":71,"column":0},"end":{"line":71,"column":18}},"71":{"start":{"line":72,"column":0},"end":{"line":72,"column":52}},"72":{"start":{"line":73,"column":0},"end":{"line":73,"column":10}},"73":{"start":{"line":74,"column":0},"end":{"line":74,"column":8}},"74":{"start":{"line":75,"column":0},"end":{"line":75,"column":5}},"76":{"start":{"line":77,"column":0},"end":{"line":77,"column":51}},"77":{"start":{"line":78,"column":0},"end":{"line":78,"column":12}},"79":{"start":{"line":80,"column":0},"end":{"line":80,"column":52}},"80":{"start":{"line":81,"column":0},"end":{"line":81,"column":8}},"81":{"start":{"line":82,"column":0},"end":{"line":82,"column":29}},"82":{"start":{"line":83,"column":0},"end":{"line":83,"column":8}},"83":{"start":{"line":84,"column":0},"end":{"line":84,"column":6}},"84":{"start":{"line":85,"column":0},"end":{"line":85,"column":5}},"86":{"start":{"line":87,"column":0},"end":{"line":87,"column":46}},"87":{"start":{"line":88,"column":0},"end":{"line":88,"column":12}},"89":{"start":{"line":90,"column":0},"end":{"line":90,"column":49}},"90":{"start":{"line":91,"column":0},"end":{"line":91,"column":5}},"91":{"start":{"line":92,"column":0},"end":{"line":92,"column":3}}},"s":{"0":1,"43":1,"45":1,"46":1,"47":5,"48":5,"49":1,"51":1,"52":1,"54":1,"55":1,"57":1,"58":1,"60":1,"61":1,"63":1,"64":1,"66":1,"68":1,"69":1,"70":2,"71":2,"72":2,"73":2,"74":1,"76":1,"77":1,"79":1,"80":1,"81":1,"82":1,"83":1,"84":1,"86":1,"87":1,"89":1,"90":1,"91":1},"branchMap":{"0":{"type":"branch","line":44,"loc":{"start":{"line":44,"column":14},"end":{"line":44,"column":44}},"locations":[{"start":{"line":44,"column":14},"end":{"line":44,"column":44}}]},"1":{"type":"branch","line":46,"loc":{"start":{"line":46,"column":24},"end":{"line":92,"column":3}},"locations":[{"start":{"line":46,"column":24},"end":{"line":92,"column":3}}]},"2":{"type":"branch","line":47,"loc":{"start":{"line":47,"column":13},"end":{"line":50,"column":3}},"locations":[{"start":{"line":47,"column":13},"end":{"line":50,"column":3}}]},"3":{"type":"branch","line":52,"loc":{"start":{"line":52,"column":23},"end":{"line":56,"column":3}},"locations":[{"start":{"line":52,"column":23},"end":{"line":56,"column":3}}]},"4":{"type":"branch","line":58,"loc":{"start":{"line":58,"column":43},"end":{"line":62,"column":3}},"locations":[{"start":{"line":58,"column":43},"end":{"line":62,"column":3}}]},"5":{"type":"branch","line":64,"loc":{"start":{"line":64,"column":25},"end":{"line":75,"column":3}},"locations":[{"start":{"line":64,"column":25},"end":{"line":75,"column":3}}]},"6":{"type":"branch","line":70,"loc":{"start":{"line":70,"column":6},"end":{"line":74,"column":8}},"locations":[{"start":{"line":70,"column":6},"end":{"line":74,"column":8}}]},"7":{"type":"branch","line":77,"loc":{"start":{"line":77,"column":44},"end":{"line":85,"column":3}},"locations":[{"start":{"line":77,"column":44},"end":{"line":85,"column":3}}]},"8":{"type":"branch","line":87,"loc":{"start":{"line":87,"column":39},"end":{"line":91,"column":3}},"locations":[{"start":{"line":87,"column":39},"end":{"line":91,"column":3}}]}},"b":{"0":[5],"1":[1],"2":[5],"3":[1],"4":[1],"5":[1],"6":[2],"7":[1],"8":[1]},"fnMap":{"0":{"name":"setup","decl":{"start":{"line":44,"column":14},"end":{"line":44,"column":44}},"loc":{"start":{"line":44,"column":14},"end":{"line":44,"column":44}},"line":44}},"f":{"0":5}}
,"/Users/billywatson/Documents/projects/portfolio/engaging/src/tests/unit/app/cv/page.test.tsx": {"path":"/Users/billywatson/Documents/projects/portfolio/engaging/src/tests/unit/app/cv/page.test.tsx","all":false,"statementMap":{"0":{"start":{"line":1,"column":0},"end":{"line":1,"column":35}},"74":{"start":{"line":75,"column":0},"end":{"line":75,"column":7}},"75":{"start":{"line":76,"column":0},"end":{"line":76,"column":8}},"76":{"start":{"line":77,"column":0},"end":{"line":77,"column":14}},"77":{"start":{"line":78,"column":0},"end":{"line":78,"column":21}},"78":{"start":{"line":79,"column":0},"end":{"line":79,"column":22}},"79":{"start":{"line":80,"column":0},"end":{"line":80,"column":8}},"80":{"start":{"line":81,"column":0},"end":{"line":81,"column":10}},"81":{"start":{"line":82,"column":0},"end":{"line":82,"column":15}},"82":{"start":{"line":83,"column":0},"end":{"line":83,"column":7}},"83":{"start":{"line":84,"column":0},"end":{"line":84,"column":9}},"84":{"start":{"line":85,"column":0},"end":{"line":85,"column":17}},"85":{"start":{"line":86,"column":0},"end":{"line":86,"column":14}},"86":{"start":{"line":87,"column":0},"end":{"line":87,"column":13}},"87":{"start":{"line":88,"column":0},"end":{"line":88,"column":11}},"89":{"start":{"line":90,"column":0},"end":{"line":90,"column":65}},"90":{"start":{"line":91,"column":0},"end":{"line":91,"column":59}},"93":{"start":{"line":94,"column":0},"end":{"line":94,"column":54}},"94":{"start":{"line":95,"column":0},"end":{"line":95,"column":2}},"96":{"start":{"line":97,"column":0},"end":{"line":97,"column":26}},"97":{"start":{"line":98,"column":0},"end":{"line":98,"column":20}},"98":{"start":{"line":99,"column":0},"end":{"line":99,"column":23}},"99":{"start":{"line":100,"column":0},"end":{"line":100,"column":14}},"100":{"start":{"line":101,"column":0},"end":{"line":101,"column":5}},"102":{"start":{"line":103,"column":0},"end":{"line":103,"column":35}},"103":{"start":{"line":104,"column":0},"end":{"line":104,"column":18}},"105":{"start":{"line":106,"column":0},"end":{"line":106,"column":44}},"106":{"start":{"line":107,"column":0},"end":{"line":107,"column":8}},"107":{"start":{"line":108,"column":0},"end":{"line":108,"column":14}},"108":{"start":{"line":109,"column":0},"end":{"line":109,"column":12}},"109":{"start":{"line":110,"column":0},"end":{"line":110,"column":31}},"110":{"start":{"line":111,"column":0},"end":{"line":111,"column":54}},"111":{"start":{"line":112,"column":0},"end":{"line":112,"column":39}},"112":{"start":{"line":113,"column":0},"end":{"line":113,"column":11}},"113":{"start":{"line":114,"column":0},"end":{"line":114,"column":8}},"114":{"start":{"line":115,"column":0},"end":{"line":115,"column":6}},"115":{"start":{"line":116,"column":0},"end":{"line":116,"column":5}},"117":{"start":{"line":118,"column":0},"end":{"line":118,"column":36}},"118":{"start":{"line":119,"column":0},"end":{"line":119,"column":18}},"120":{"start":{"line":121,"column":0},"end":{"line":121,"column":62}},"121":{"start":{"line":122,"column":0},"end":{"line":122,"column":5}},"123":{"start":{"line":124,"column":0},"end":{"line":124,"column":36}},"124":{"start":{"line":125,"column":0},"end":{"line":125,"column":18}},"126":{"start":{"line":127,"column":0},"end":{"line":127,"column":57}},"127":{"start":{"line":128,"column":0},"end":{"line":128,"column":5}},"129":{"start":{"line":130,"column":0},"end":{"line":130,"column":48}},"130":{"start":{"line":131,"column":0},"end":{"line":131,"column":18}},"132":{"start":{"line":133,"column":0},"end":{"line":133,"column":43}},"133":{"start":{"line":134,"column":0},"end":{"line":134,"column":8}},"134":{"start":{"line":135,"column":0},"end":{"line":135,"column":64}},"135":{"start":{"line":136,"column":0},"end":{"line":136,"column":8}},"136":{"start":{"line":137,"column":0},"end":{"line":137,"column":6}},"137":{"start":{"line":138,"column":0},"end":{"line":138,"column":5}},"139":{"start":{"line":140,"column":0},"end":{"line":140,"column":48}},"140":{"start":{"line":141,"column":0},"end":{"line":141,"column":18}},"142":{"start":{"line":143,"column":0},"end":{"line":143,"column":22}},"143":{"start":{"line":144,"column":0},"end":{"line":144,"column":15}},"144":{"start":{"line":145,"column":0},"end":{"line":145,"column":19}},"145":{"start":{"line":146,"column":0},"end":{"line":146,"column":15}},"146":{"start":{"line":147,"column":0},"end":{"line":147,"column":23}},"147":{"start":{"line":148,"column":0},"end":{"line":148,"column":16}},"148":{"start":{"line":149,"column":0},"end":{"line":149,"column":19}},"149":{"start":{"line":150,"column":0},"end":{"line":150,"column":6}},"151":{"start":{"line":152,"column":0},"end":{"line":152,"column":52}},"152":{"start":{"line":153,"column":0},"end":{"line":153,"column":46}},"153":{"start":{"line":154,"column":0},"end":{"line":154,"column":18}},"154":{"start":{"line":155,"column":0},"end":{"line":155,"column":52}},"155":{"start":{"line":156,"column":0},"end":{"line":156,"column":10}},"156":{"start":{"line":157,"column":0},"end":{"line":157,"column":8}},"157":{"start":{"line":158,"column":0},"end":{"line":158,"column":5}},"159":{"start":{"line":160,"column":0},"end":{"line":160,"column":69}},"160":{"start":{"line":161,"column":0},"end":{"line":161,"column":18}},"162":{"start":{"line":163,"column":0},"end":{"line":163,"column":44}},"163":{"start":{"line":164,"column":0},"end":{"line":164,"column":8}},"164":{"start":{"line":165,"column":0},"end":{"line":165,"column":39}},"165":{"start":{"line":166,"column":0},"end":{"line":166,"column":8}},"166":{"start":{"line":167,"column":0},"end":{"line":167,"column":6}},"167":{"start":{"line":168,"column":0},"end":{"line":168,"column":5}},"169":{"start":{"line":170,"column":0},"end":{"line":170,"column":44}},"170":{"start":{"line":171,"column":0},"end":{"line":171,"column":18}},"172":{"start":{"line":173,"column":0},"end":{"line":173,"column":48}},"173":{"start":{"line":174,"column":0},"end":{"line":174,"column":42}},"174":{"start":{"line":175,"column":0},"end":{"line":175,"column":18}},"175":{"start":{"line":176,"column":0},"end":{"line":176,"column":51}},"176":{"start":{"line":177,"column":0},"end":{"line":177,"column":10}},"177":{"start":{"line":178,"column":0},"end":{"line":178,"column":8}},"178":{"start":{"line":179,"column":0},"end":{"line":179,"column":5}},"180":{"start":{"line":181,"column":0},"end":{"line":181,"column":49}},"181":{"start":{"line":182,"column":0},"end":{"line":182,"column":18}},"183":{"start":{"line":184,"column":0},"end":{"line":184,"column":79}},"184":{"start":{"line":185,"column":0},"end":{"line":185,"column":5}},"186":{"start":{"line":187,"column":0},"end":{"line":187,"column":54}},"187":{"start":{"line":188,"column":0},"end":{"line":188,"column":18}},"189":{"start":{"line":190,"column":0},"end":{"line":190,"column":58}},"190":{"start":{"line":191,"column":0},"end":{"line":191,"column":74}},"191":{"start":{"line":192,"column":0},"end":{"line":192,"column":5}},"193":{"start":{"line":194,"column":0},"end":{"line":194,"column":66}},"194":{"start":{"line":195,"column":0},"end":{"line":195,"column":18}},"196":{"start":{"line":197,"column":0},"end":{"line":197,"column":75}},"197":{"start":{"line":198,"column":0},"end":{"line":198,"column":5}},"199":{"start":{"line":200,"column":0},"end":{"line":200,"column":50}},"200":{"start":{"line":201,"column":0},"end":{"line":201,"column":18}},"202":{"start":{"line":203,"column":0},"end":{"line":203,"column":54}},"203":{"start":{"line":204,"column":0},"end":{"line":204,"column":70}},"204":{"start":{"line":205,"column":0},"end":{"line":205,"column":5}},"206":{"start":{"line":207,"column":0},"end":{"line":207,"column":40}},"207":{"start":{"line":208,"column":0},"end":{"line":208,"column":44}},"209":{"start":{"line":210,"column":0},"end":{"line":210,"column":51}},"210":{"start":{"line":211,"column":0},"end":{"line":211,"column":5}},"211":{"start":{"line":212,"column":0},"end":{"line":212,"column":3}}},"s":{"0":1,"74":1,"75":1,"76":1,"77":1,"78":1,"79":1,"80":1,"81":1,"82":1,"83":1,"84":1,"85":1,"86":1,"87":1,"89":1,"90":11,"93":11,"94":11,"96":1,"97":1,"98":12,"99":12,"100":1,"102":1,"103":1,"105":1,"106":1,"107":1,"108":1,"109":1,"110":1,"111":1,"112":1,"113":1,"114":1,"115":1,"117":1,"118":1,"120":1,"121":1,"123":1,"124":1,"126":1,"127":1,"129":1,"130":1,"132":1,"133":1,"134":1,"135":1,"136":1,"137":1,"139":1,"140":1,"142":1,"143":1,"144":1,"145":1,"146":1,"147":1,"148":1,"149":1,"151":1,"152":1,"153":6,"154":6,"155":6,"156":6,"157":1,"159":1,"160":1,"162":1,"163":1,"164":1,"165":1,"166":1,"167":1,"169":1,"170":1,"172":1,"173":1,"174":6,"175":6,"176":6,"177":6,"178":1,"180":1,"181":1,"183":1,"184":1,"186":1,"187":1,"189":1,"190":1,"191":1,"193":1,"194":1,"196":1,"197":1,"199":1,"200":1,"202":1,"203":1,"204":1,"206":1,"207":1,"209":1,"210":1,"211":1},"branchMap":{"0":{"type":"branch","line":90,"loc":{"start":{"line":90,"column":14},"end":{"line":95,"column":2}},"locations":[{"start":{"line":90,"column":14},"end":{"line":95,"column":2}}]},"1":{"type":"branch","line":94,"loc":{"start":{"line":94,"column":23},"end":{"line":94,"column":51}},"locations":[{"start":{"line":94,"column":23},"end":{"line":94,"column":51}}]},"2":{"type":"branch","line":97,"loc":{"start":{"line":97,"column":19},"end":{"line":212,"column":3}},"locations":[{"start":{"line":97,"column":19},"end":{"line":212,"column":3}}]},"3":{"type":"branch","line":98,"loc":{"start":{"line":98,"column":13},"end":{"line":101,"column":3}},"locations":[{"start":{"line":98,"column":13},"end":{"line":101,"column":3}}]},"4":{"type":"branch","line":103,"loc":{"start":{"line":103,"column":22},"end":{"line":116,"column":3}},"locations":[{"start":{"line":103,"column":22},"end":{"line":116,"column":3}}]},"5":{"type":"branch","line":118,"loc":{"start":{"line":118,"column":23},"end":{"line":122,"column":3}},"locations":[{"start":{"line":118,"column":23},"end":{"line":122,"column":3}}]},"6":{"type":"branch","line":124,"loc":{"start":{"line":124,"column":23},"end":{"line":128,"column":3}},"locations":[{"start":{"line":124,"column":23},"end":{"line":128,"column":3}}]},"7":{"type":"branch","line":130,"loc":{"start":{"line":130,"column":35},"end":{"line":138,"column":3}},"locations":[{"start":{"line":130,"column":35},"end":{"line":138,"column":3}}]},"8":{"type":"branch","line":140,"loc":{"start":{"line":140,"column":35},"end":{"line":158,"column":3}},"locations":[{"start":{"line":140,"column":35},"end":{"line":158,"column":3}}]},"9":{"type":"branch","line":153,"loc":{"start":{"line":153,"column":6},"end":{"line":157,"column":8}},"locations":[{"start":{"line":153,"column":6},"end":{"line":157,"column":8}}]},"10":{"type":"branch","line":160,"loc":{"start":{"line":160,"column":56},"end":{"line":168,"column":3}},"locations":[{"start":{"line":160,"column":56},"end":{"line":168,"column":3}}]},"11":{"type":"branch","line":170,"loc":{"start":{"line":170,"column":31},"end":{"line":179,"column":3}},"locations":[{"start":{"line":170,"column":31},"end":{"line":179,"column":3}}]},"12":{"type":"branch","line":174,"loc":{"start":{"line":174,"column":6},"end":{"line":178,"column":8}},"locations":[{"start":{"line":174,"column":6},"end":{"line":178,"column":8}}]},"13":{"type":"branch","line":176,"loc":{"start":{"line":176,"column":37},"end":{"line":176,"column":47}},"locations":[{"start":{"line":176,"column":37},"end":{"line":176,"column":47}}]},"14":{"type":"branch","line":176,"loc":{"start":{"line":176,"column":41},"end":{"line":176,"column":49}},"locations":[{"start":{"line":176,"column":41},"end":{"line":176,"column":49}}]},"15":{"type":"branch","line":181,"loc":{"start":{"line":181,"column":36},"end":{"line":185,"column":3}},"locations":[{"start":{"line":181,"column":36},"end":{"line":185,"column":3}}]},"16":{"type":"branch","line":187,"loc":{"start":{"line":187,"column":41},"end":{"line":192,"column":3}},"locations":[{"start":{"line":187,"column":41},"end":{"line":192,"column":3}}]},"17":{"type":"branch","line":191,"loc":{"start":{"line":191,"column":6},"end":{"line":191,"column":74}},"locations":[{"start":{"line":191,"column":6},"end":{"line":191,"column":74}}]},"18":{"type":"branch","line":194,"loc":{"start":{"line":194,"column":53},"end":{"line":198,"column":3}},"locations":[{"start":{"line":194,"column":53},"end":{"line":198,"column":3}}]},"19":{"type":"branch","line":200,"loc":{"start":{"line":200,"column":37},"end":{"line":205,"column":3}},"locations":[{"start":{"line":200,"column":37},"end":{"line":205,"column":3}}]},"20":{"type":"branch","line":204,"loc":{"start":{"line":204,"column":6},"end":{"line":204,"column":70}},"locations":[{"start":{"line":204,"column":6},"end":{"line":204,"column":70}}]},"21":{"type":"branch","line":207,"loc":{"start":{"line":207,"column":27},"end":{"line":211,"column":3}},"locations":[{"start":{"line":207,"column":27},"end":{"line":211,"column":3}}]}},"b":{"0":[11],"1":[11],"2":[1],"3":[12],"4":[1],"5":[1],"6":[1],"7":[1],"8":[1],"9":[6],"10":[1],"11":[1],"12":[6],"13":[1],"14":[5],"15":[1],"16":[1],"17":[2],"18":[1],"19":[1],"20":[3],"21":[1]},"fnMap":{"0":{"name":"setup","decl":{"start":{"line":90,"column":14},"end":{"line":95,"column":2}},"loc":{"start":{"line":90,"column":14},"end":{"line":95,"column":2}},"line":90}},"f":{"0":11}}
}
